#
# A fatal error has been detected by the Java Runtime Environment:
#
#  SIGSEGV (0xb) at pc=0x00007ff80b53201f, pid=1131, tid=89095
#
# JRE version: Java(TM) SE Runtime Environment (18.0.2.1+1) (build 18.0.2.1+1-1)
# Java VM: Java HotSpot(TM) 64-Bit Server VM (18.0.2.1+1-1, mixed mode, sharing, tiered, compressed oops, compressed class ptrs, g1 gc, bsd-amd64)
# Problematic frame:
# C  [libobjc.A.dylib+0x901f]  objc_release+0x1f
#
# No core dump will be written. Core dumps have been disabled. To enable core dumping, try "ulimit -c unlimited" before starting Java again
#
# If you would like to submit a bug report, please visit:
#   https://bugreport.java.com/bugreport/crash.jsp
# The crash happened outside the Java Virtual Machine in native code.
# See problematic frame for where to report the bug.
#

---------------  S U M M A R Y ------------

Command Line: -javaagent:/Applications/IntelliJ IDEA CE.app/Contents/lib/idea_rt.jar=49507:/Applications/IntelliJ IDEA CE.app/Contents/bin -Dfile.encoding=UTF-8 -Dsun.stdout.encoding=UTF-8 -Dsun.stderr.encoding=UTF-8 Launcher

Host: "MacBookAir7,2" x86_64 1800 MHz, 4 cores, 8G, Darwin 21.6.0, macOS 12.5.1 (21G83)
Time: Fri Sep 16 19:28:23 2022 CEST elapsed time: 1.694178 seconds (0d 0h 0m 1s)

---------------  T H R E A D  ---------------

Current thread (0x00007f7b19260800):  JavaThread "LWJGL Application" [_thread_in_native, id=89095, stack(0x000070000c46d000,0x000070000c56d000)]

Stack: [0x000070000c46d000,0x000070000c56d000],  sp=0x000070000c56c468,  free space=1021k
Native frames: (J=compiled Java code, j=interpreted, Vv=VM code, C=native code)
C  [libobjc.A.dylib+0x901f]  objc_release+0x1f
C  [libobjc.A.dylib+0x9f5f]  objc_autoreleasePoolPop+0xa8
C  [CoreFoundation+0x41b9a]  _CFAutoreleasePoolPop+0x16
C  [Foundation+0x1ebc1]  -[NSAutoreleasePool release]+0x85
C  [liblwjgl.dylib+0x16cce]  Java_org_lwjgl_opengl_MacOSXContextImplementation_setView+0x10e
j  org.lwjgl.opengl.MacOSXContextImplementation.setView(Ljava/nio/ByteBuffer;Ljava/nio/ByteBuffer;)V+0
j  org.lwjgl.opengl.MacOSXContextImplementation.makeCurrent(Lorg/lwjgl/opengl/PeerInfo;Ljava/nio/ByteBuffer;)V+7
j  org.lwjgl.opengl.ContextGL.makeCurrent()V+46
j  org.lwjgl.opengl.DrawableGL.makeCurrent()V+14
j  org.lwjgl.opengl.Display.makeCurrent()V+3
j  org.lwjgl.opengl.Display.makeCurrentAndSetSwapInterval()V+0
j  org.lwjgl.opengl.Display.create(Lorg/lwjgl/opengl/PixelFormat;Lorg/lwjgl/opengl/Drawable;Lorg/lwjgl/opengl/ContextAttribs;)V+108
j  org.lwjgl.opengl.Display.create(Lorg/lwjgl/opengl/PixelFormat;)V+12
j  com.badlogic.gdx.backends.lwjgl.LwjglGraphics.createDisplayPixelFormat(ZII)V+243
j  com.badlogic.gdx.backends.lwjgl.LwjglGraphics.setupDisplay()V+575
j  com.badlogic.gdx.backends.lwjgl.LwjglApplication.mainLoop()V+9
j  com.badlogic.gdx.backends.lwjgl.LwjglApplication$1.run()V+27
v  ~StubRoutines::call_stub
V  [libjvm.dylib+0x514da1]  _ZN9JavaCalls11call_helperEP9JavaValueRK12methodHandleP17JavaCallArgumentsP10JavaThread+0x2a1
V  [libjvm.dylib+0x513e17]  _ZN9JavaCalls12call_virtualEP9JavaValueP5KlassP6SymbolS5_P17JavaCallArgumentsP10JavaThread+0x147
V  [libjvm.dylib+0x513ee3]  _ZN9JavaCalls12call_virtualEP9JavaValue6HandleP5KlassP6SymbolS6_P10JavaThread+0x63
V  [libjvm.dylib+0x5ba138]  _ZL12thread_entryP10JavaThreadS0_+0x98
V  [libjvm.dylib+0x9e9809]  _ZN10JavaThread17thread_main_innerEv+0xc9
V  [libjvm.dylib+0x9e7ecf]  _ZN6Thread8call_runEv+0xcf
V  [libjvm.dylib+0x88a168]  _ZL19thread_native_entryP6Thread+0x148
C  [libsystem_pthread.dylib+0x64e1]  _pthread_start+0x7d
C  [libsystem_pthread.dylib+0x1f6b]  thread_start+0xf

Java frames: (J=compiled Java code, j=interpreted, Vv=VM code)
j  org.lwjgl.opengl.MacOSXContextImplementation.setView(Ljava/nio/ByteBuffer;Ljava/nio/ByteBuffer;)V+0
j  org.lwjgl.opengl.MacOSXContextImplementation.makeCurrent(Lorg/lwjgl/opengl/PeerInfo;Ljava/nio/ByteBuffer;)V+7
j  org.lwjgl.opengl.ContextGL.makeCurrent()V+46
j  org.lwjgl.opengl.DrawableGL.makeCurrent()V+14
j  org.lwjgl.opengl.Display.makeCurrent()V+3
j  org.lwjgl.opengl.Display.makeCurrentAndSetSwapInterval()V+0
j  org.lwjgl.opengl.Display.create(Lorg/lwjgl/opengl/PixelFormat;Lorg/lwjgl/opengl/Drawable;Lorg/lwjgl/opengl/ContextAttribs;)V+108
j  org.lwjgl.opengl.Display.create(Lorg/lwjgl/opengl/PixelFormat;)V+12
j  com.badlogic.gdx.backends.lwjgl.LwjglGraphics.createDisplayPixelFormat(ZII)V+243
j  com.badlogic.gdx.backends.lwjgl.LwjglGraphics.setupDisplay()V+575
j  com.badlogic.gdx.backends.lwjgl.LwjglApplication.mainLoop()V+9
j  com.badlogic.gdx.backends.lwjgl.LwjglApplication$1.run()V+27
v  ~StubRoutines::call_stub

siginfo: si_signo: 11 (SIGSEGV), si_code: 1 (SEGV_MAPERR), si_addr: 0x000019beb472d520

Register to memory mapping:

RAX=0x000099beb472d500 is an unknown value
RBX=0x0000000000000001 is an unknown value
RCX=0x000019beb472d500 is an unknown value
RDX=0x0 is NULL
RSP=0x000070000c56c468 is pointing into the stack for thread: 0x00007f7b19260800
RBP=0x000070000c56c4a0 is pointing into the stack for thread: 0x00007f7b19260800
RSI=0x00007ff825ab1084 points into unknown readable memory: 72 65 6c 65
RDI=0x0000600000cfd500 points into unknown readable memory: 0x000099beb472d500 | 00 d5 72 b4 be 99 00 00
R8 =0x00007f7b192acac8 points into unknown readable memory: 0x0000000000000000 | 00 00 00 00 00 00 00 00
R9 =0x0 is NULL
R10=0x00006000030af600 points into unknown readable memory: 0x00006000030af690 | 90 f6 0a 03 00 60 00 00
R11=0x00007ff80e167ba4: -[NSResponder release]+0 in /System/Library/Frameworks/AppKit.framework/Versions/C/AppKit at 0x00007ff80e15c000
R12=0x0000600000cfd500 points into unknown readable memory: 0x000099beb472d500 | 00 d5 72 b4 be 99 00 00
R13=0xa3a3a3a3a3a3a3a3 is an unknown value
R14=0x00007f7b19265068 points into unknown readable memory: 0x0000000000000000 | 00 00 00 00 00 00 00 00
R15=0x00007f7b19265000 points into unknown readable memory: 0x4f545541a1a1a1a1 | a1 a1 a1 a1 41 55 54 4f


Registers:
RAX=0x000099beb472d500, RBX=0x0000000000000001, RCX=0x000019beb472d500, RDX=0x0000000000000000
RSP=0x000070000c56c468, RBP=0x000070000c56c4a0, RSI=0x00007ff825ab1084, RDI=0x0000600000cfd500
R8 =0x00007f7b192acac8, R9 =0x0000000000000000, R10=0x00006000030af600, R11=0x00007ff80e167ba4
R12=0x0000600000cfd500, R13=0xa3a3a3a3a3a3a3a3, R14=0x00007f7b19265068, R15=0x00007f7b19265000
RIP=0x00007ff80b53201f, EFLAGS=0x0000000000010206, ERR=0x0000000000000004
  TRAPNO=0x000000000000000e

Top of Stack: (sp=0x000070000c56c468)
0x000070000c56c468:   00007ff80b5360da 33604ffec35700d3
0x000070000c56c478:   00007f7b19265000 0000600000c98ea0
0x000070000c56c488:   00000001290f48b8 00007ff825ab1084
0x000070000c56c498:   0000600000c98ea0 000070000c56c4c0
0x000070000c56c4a8:   00007ff80b532f5f 33604ffec35700d3
0x000070000c56c4b8:   00007f7b19265068 000070000c56c4e0
0x000070000c56c4c8:   00007ff80b724b9a 33604ffec35700d3
0x000070000c56c4d8:   00006000026b04e0 000070000c56c520
0x000070000c56c4e8:   00007ff80c57dbc1 00007ff84b59c550
0x000070000c56c4f8:   0000000000000000 33604ffec35700d3
0x000070000c56c508:   00006000026b04e0 0000600000ce4330
0x000070000c56c518:   00007f7b19260a90 000070000c56c550
0x000070000c56c528:   000000013640ccce 00000001290f48c0
0x000070000c56c538:   0000000000000000 000070000c56c5e8
0x000070000c56c548:   00007f7b19260800 000070000c56c5c0
0x000070000c56c558:   0000000113a2953a 000070000c56c5c0
0x000070000c56c568:   0000000113a292be 0000000113a29276
0x000070000c56c578:   000070000c56c578 00000001290f48b8
0x000070000c56c588:   000070000c56c5e8 00000001290f4e30
0x000070000c56c598:   0000000000000000 0000000787707970
0x000070000c56c5a8:   00000001290f48c0 0000000000000000
0x000070000c56c5b8:   000070000c56c5e0 000070000c56c638
0x000070000c56c5c8:   0000000113a2542b 0000000787707970
0x000070000c56c5d8:   0000000113a26f78 0000000787711100
0x000070000c56c5e8:   00000007878d26e8 000070000c56c5f0
0x000070000c56c5f8:   00000001290f47bf 000070000c56c668
0x000070000c56c608:   00000001290f4e30 0000000000000000
0x000070000c56c618:   0000000787707970 00000001290f4830
0x000070000c56c628:   000070000c56c5e0 000070000c56c658
0x000070000c56c638:   000070000c56c6c8 0000000113a2588f
0x000070000c56c648:   0000000000000000 00000007878d26e8
0x000070000c56c658:   0000000787711100 00000007878d2628 

Instructions: (pc=0x00007ff80b53201f)
0x00007ff80b531f1f:   8b 0d 33 d2 8d 41 48 89 4a 18 48 8b 0d 30 d2 8d
0x00007ff80b531f2f:   41 48 89 4a 20 b9 05 00 00 00 48 89 df 48 89 c6
0x00007ff80b531f3f:   e8 9d 9b 01 00 84 c0 75 23 66 f0 41 81 4e 1c 00
0x00007ff80b531f4f:   80 48 8b 05 d9 6f e6 3f 48 8b 00 48 3b 45 e0 75
0x00007ff80b531f5f:   2c 48 83 c4 48 5b 41 5e 41 5f 5d c3 31 c0 80 3d
0x00007ff80b531f6f:   4c e4 8d 41 00 74 da 0f b6 d0 4c 89 f7 be 02 00
0x00007ff80b531f7f:   00 00 e8 18 e5 01 00 eb c8 b0 01 eb e1 e8 c9 ef
0x00007ff80b531f8f:   01 00 90 90 90 90 90 90 90 90 90 90 90 90 90 90
0x00007ff80b531f9f:   e9 04 00 00 00 90 90 90 90 40 f6 c7 01 75 4e 48
0x00007ff80b531faf:   8b 07 a8 01 74 34 48 b9 00 00 00 00 00 00 00 01
0x00007ff80b531fbf:   48 89 c2 48 c1 ea 37 74 34 48 89 c2 48 01 ca 72
0x00007ff80b531fcf:   12 f0 48 0f b1 17 74 25 a8 01 75 e4 31 f6 e9 38
0x00007ff80b531fdf:   d1 01 00 31 f6 e9 37 83 00 00 48 b9 f8 ff ff ff
0x00007ff80b531fef:   ff 7f 00 00 48 21 c8 f6 40 1c 01 74 df 48 89 f8
0x00007ff80b531fff:   c3 48 85 ff 74 76 89 f8 83 e0 01 48 85 c0 75 6c
0x00007ff80b53200f:   48 8b 07 48 b9 f8 ff ff ff ff 7f 00 00 48 21 c1
0x00007ff80b53201f:   48 8b 51 20 f6 c2 04 74 54 a8 01 74 72 48 b9 00
0x00007ff80b53202f:   00 00 00 00 00 80 00 48 ba 00 00 00 00 00 00 00
0x00007ff80b53203f:   01 48 39 c8 72 36 48 89 c6 48 29 d6 72 17 f0 48
0x00007ff80b53204f:   0f b1 37 74 22 a8 01 75 e8 31 f6 ba 01 00 00 00
0x00007ff80b53205f:   e9 46 cd 01 00 48 85 c8 75 3d 48 8b 35 18 d1 8d
0x00007ff80b53206f:   41 ff 25 da 70 e6 3f 48 39 ce 72 ee c3 66 83 79
0x00007ff80b53207f:   1c 00 79 0e 83 e2 02 48 85 d2 74 06 f6 41 28 02
0x00007ff80b53208f:   75 1f 48 8b 35 40 d0 8d 41 ff 25 b2 70 e6 3f f6
0x00007ff80b53209f:   41 1c 01 74 b4 eb d5 be 01 00 00 00 e9 4c a3 00
0x00007ff80b5320af:   00 48 8b 05 41 8c 89 41 ff e0 90 90 90 90 90 90
0x00007ff80b5320bf:   90 90 90 90 90 90 90 e9 04 00 00 00 90 90 90 90
0x00007ff80b5320cf:   55 48 89 e5 53 50 48 89 fb f6 c3 01 75 21 48 b8
0x00007ff80b5320df:   07 00 00 00 00 00 a0 00 48 23 03 48 83 f8 01 75
0x00007ff80b5320ef:   15 48 89 df 48 83 c4 08 5b 5d e9 34 ef 01 00 48
0x00007ff80b5320ff:   83 c4 08 5b 5d c3 48 89 df e8 0b 00 00 00 eb e1
0x00007ff80b53210f:   90 90 90 90 90 90 90 90 90 55 48 89 e5 41 56 53 


Stack slot to memory mapping:
stack at sp + 0 slots: 0x00007ff80b5360da: _ZN19AutoreleasePoolPage12releaseUntilEPP11objc_object+0xa4 in /usr/lib/libobjc.A.dylib at 0x00007ff80b529000
stack at sp + 1 slots: 0x33604ffec35700d3 is an unknown value
stack at sp + 2 slots: 0x00007f7b19265000 points into unknown readable memory: 0x4f545541a1a1a1a1 | a1 a1 a1 a1 41 55 54 4f
stack at sp + 3 slots: 0x0000600000c98ea0 points into unknown readable memory: 0x011dfff84cc818e9 | e9 18 c8 4c f8 ff 1d 01
stack at sp + 4 slots: 0x00000001290f48b8 is pointing into metadata
stack at sp + 5 slots: 0x00007ff825ab1084 points into unknown readable memory: 72 65 6c 65
stack at sp + 6 slots: 0x0000600000c98ea0 points into unknown readable memory: 0x011dfff84cc818e9 | e9 18 c8 4c f8 ff 1d 01
stack at sp + 7 slots: 0x000070000c56c4c0 is pointing into the stack for thread: 0x00007f7b19260800


---------------  P R O C E S S  ---------------

Threads class SMR info:
_java_thread_list=0x00006000002ebd00, length=16, elements={
0x00007f7b18809000, 0x00007f7b1880de00, 0x00007f7b1902f600, 0x00007f7b19031e00,
0x00007f7b1800b400, 0x00007f7b19032400, 0x00007f7b18048000, 0x00007f7b1907aa00,
0x00007f7b18813e00, 0x00007f7b19031800, 0x00007f7b1880ea00, 0x00007f7b18048600,
0x00007f7b18812e00, 0x00007f7b18828400, 0x00007f7b19260800, 0x00007f7b18043200
}

Java Threads: ( => current thread )
  0x00007f7b18809000 JavaThread "Reference Handler" daemon [_thread_blocked, id=16131, stack(0x000070000b22b000,0x000070000b32b000)]
  0x00007f7b1880de00 JavaThread "Finalizer" daemon [_thread_blocked, id=16387, stack(0x000070000b32e000,0x000070000b42e000)]
  0x00007f7b1902f600 JavaThread "Signal Dispatcher" daemon [_thread_blocked, id=41987, stack(0x000070000b537000,0x000070000b637000)]
  0x00007f7b19031e00 JavaThread "Service Thread" daemon [_thread_blocked, id=41475, stack(0x000070000b63a000,0x000070000b73a000)]
  0x00007f7b1800b400 JavaThread "Monitor Deflation Thread" daemon [_thread_blocked, id=40963, stack(0x000070000b73d000,0x000070000b83d000)]
  0x00007f7b19032400 JavaThread "C2 CompilerThread0" daemon [_thread_blocked, id=40707, stack(0x000070000b840000,0x000070000b940000)]
  0x00007f7b18048000 JavaThread "C1 CompilerThread0" daemon [_thread_blocked, id=40195, stack(0x000070000b943000,0x000070000ba43000)]
  0x00007f7b1907aa00 JavaThread "Sweeper thread" daemon [_thread_blocked, id=22787, stack(0x000070000ba46000,0x000070000bb46000)]
  0x00007f7b18813e00 JavaThread "Common-Cleaner" daemon [_thread_blocked, id=39683, stack(0x000070000bb49000,0x000070000bc49000)]
  0x00007f7b19031800 JavaThread "Monitor Ctrl-Break" daemon [_thread_in_native, id=39171, stack(0x000070000bc4c000,0x000070000bd4c000)]
  0x00007f7b1880ea00 JavaThread "Notification Thread" daemon [_thread_blocked, id=38915, stack(0x000070000bd4f000,0x000070000be4f000)]
  0x00007f7b18048600 JavaThread "AppKit Thread" daemon [_thread_in_native, id=259, stack(0x00007ff7b5e81000,0x00007ff7b6681000)]
  0x00007f7b18812e00 JavaThread "Attach Listener" daemon [_thread_blocked, id=36103, stack(0x000070000bf55000,0x000070000c055000)]
  0x00007f7b18828400 JavaThread "AWT-Shutdown" [_thread_blocked, id=31491, stack(0x000070000c0db000,0x000070000c1db000)]
=>0x00007f7b19260800 JavaThread "LWJGL Application" [_thread_in_native, id=89095, stack(0x000070000c46d000,0x000070000c56d000)]
  0x00007f7b18043200 JavaThread "DestroyJavaVM" [_thread_blocked, id=9731, stack(0x000070000ab16000,0x000070000ac16000)]

Other Threads:
  0x00007f7b17a09c40 VMThread "VM Thread" [stack: 0x000070000b128000,0x000070000b228000] [id=17923]
  0x00007f7b1782a7a0 WatcherThread "VM Periodic Task Thread" [stack: 0x000070000be52000,0x000070000bf52000] [id=23555]
  0x00007f7b178060a0 WorkerThread "GC Thread#0" [stack: 0x000070000ac19000,0x000070000ad19000] [id=12291]
  0x00007f7b17806730 ConcurrentGCThread "G1 Main Marker" [stack: 0x000070000ad1c000,0x000070000ae1c000] [id=12547]
  0x00007f7b17806f90 WorkerThread "G1 Conc#0" [stack: 0x000070000ae1f000,0x000070000af1f000] [id=13571]
  0x00007f7b17908790 ConcurrentGCThread "G1 Refine#0" [stack: 0x000070000af22000,0x000070000b022000] [id=19203]
  0x00007f7b1780cca0 ConcurrentGCThread "G1 Service" [stack: 0x000070000b025000,0x000070000b125000] [id=14339]

Threads with active compile tasks:

VM state: not at safepoint (normal execution)

VM Mutex/Monitor currently owned by a thread: None

Heap address: 0x0000000780000000, size: 2048 MB, Compressed Oops mode: Zero based, Oop shift amount: 3

CDS archive(s) mapped at: [0x0000000800000000-0x0000000800ba8000-0x0000000800ba8000), size 12222464, SharedBaseAddress: 0x0000000800000000, ArchiveRelocationMode: 0.
Compressed class space mapped at: 0x0000000800c00000-0x0000000840c00000, reserved size: 1073741824
Narrow klass base: 0x0000000800000000, Narrow klass shift: 0, Narrow klass range: 0x100000000

GC Precious Log:
 CardTable entry size: 512
 Card Set container configuration: InlinePtr #cards 5 size 8 Array Of Cards #cards 12 size 40 Howl #buckets 4 coarsen threshold 1843 Howl Bitmap #cards 512 size 80 coarsen threshold 460 Card regions per heap region 1 cards per card region 2048
 CPUs: 4 total, 4 available
 Memory: 8192M
 Large Page Support: Disabled
 NUMA Support: Disabled
 Compressed Oops: Enabled (Zero based)
 Heap Region Size: 1M
 Heap Min Capacity: 8M
 Heap Initial Capacity: 128M
 Heap Max Capacity: 2G
 Pre-touch: Disabled
 Parallel Workers: 4
 Concurrent Workers: 1
 Concurrent Refinement Workers: 4
 Periodic GC: Disabled

Heap:
 garbage-first heap   total 133120K, used 9112K [0x0000000780000000, 0x0000000800000000)
  region size 1024K, 9 young (9216K), 0 survivors (0K)
 Metaspace       used 4175K, committed 4416K, reserved 1114112K
  class space    used 383K, committed 512K, reserved 1048576K

Heap Regions: E=young(eden), S=young(survivor), O=old, HS=humongous(starts), HC=humongous(continues), CS=collection set, F=free, OA=open archive, CA=closed archive, TAMS=top-at-mark-start (previous, next)
|   0|0x0000000780000000, 0x0000000780000000, 0x0000000780100000|  0%| F|  |TAMS 0x0000000780000000, 0x0000000780000000| Untracked 
|   1|0x0000000780100000, 0x0000000780100000, 0x0000000780200000|  0%| F|  |TAMS 0x0000000780100000, 0x0000000780100000| Untracked 
|   2|0x0000000780200000, 0x0000000780200000, 0x0000000780300000|  0%| F|  |TAMS 0x0000000780200000, 0x0000000780200000| Untracked 
|   3|0x0000000780300000, 0x0000000780300000, 0x0000000780400000|  0%| F|  |TAMS 0x0000000780300000, 0x0000000780300000| Untracked 
|   4|0x0000000780400000, 0x0000000780400000, 0x0000000780500000|  0%| F|  |TAMS 0x0000000780400000, 0x0000000780400000| Untracked 
|   5|0x0000000780500000, 0x0000000780500000, 0x0000000780600000|  0%| F|  |TAMS 0x0000000780500000, 0x0000000780500000| Untracked 
|   6|0x0000000780600000, 0x0000000780600000, 0x0000000780700000|  0%| F|  |TAMS 0x0000000780600000, 0x0000000780600000| Untracked 
|   7|0x0000000780700000, 0x0000000780700000, 0x0000000780800000|  0%| F|  |TAMS 0x0000000780700000, 0x0000000780700000| Untracked 
|   8|0x0000000780800000, 0x0000000780800000, 0x0000000780900000|  0%| F|  |TAMS 0x0000000780800000, 0x0000000780800000| Untracked 
|   9|0x0000000780900000, 0x0000000780900000, 0x0000000780a00000|  0%| F|  |TAMS 0x0000000780900000, 0x0000000780900000| Untracked 
|  10|0x0000000780a00000, 0x0000000780a00000, 0x0000000780b00000|  0%| F|  |TAMS 0x0000000780a00000, 0x0000000780a00000| Untracked 
|  11|0x0000000780b00000, 0x0000000780b00000, 0x0000000780c00000|  0%| F|  |TAMS 0x0000000780b00000, 0x0000000780b00000| Untracked 
|  12|0x0000000780c00000, 0x0000000780c00000, 0x0000000780d00000|  0%| F|  |TAMS 0x0000000780c00000, 0x0000000780c00000| Untracked 
|  13|0x0000000780d00000, 0x0000000780d00000, 0x0000000780e00000|  0%| F|  |TAMS 0x0000000780d00000, 0x0000000780d00000| Untracked 
|  14|0x0000000780e00000, 0x0000000780e00000, 0x0000000780f00000|  0%| F|  |TAMS 0x0000000780e00000, 0x0000000780e00000| Untracked 
|  15|0x0000000780f00000, 0x0000000780f00000, 0x0000000781000000|  0%| F|  |TAMS 0x0000000780f00000, 0x0000000780f00000| Untracked 
|  16|0x0000000781000000, 0x0000000781000000, 0x0000000781100000|  0%| F|  |TAMS 0x0000000781000000, 0x0000000781000000| Untracked 
|  17|0x0000000781100000, 0x0000000781100000, 0x0000000781200000|  0%| F|  |TAMS 0x0000000781100000, 0x0000000781100000| Untracked 
|  18|0x0000000781200000, 0x0000000781200000, 0x0000000781300000|  0%| F|  |TAMS 0x0000000781200000, 0x0000000781200000| Untracked 
|  19|0x0000000781300000, 0x0000000781300000, 0x0000000781400000|  0%| F|  |TAMS 0x0000000781300000, 0x0000000781300000| Untracked 
|  20|0x0000000781400000, 0x0000000781400000, 0x0000000781500000|  0%| F|  |TAMS 0x0000000781400000, 0x0000000781400000| Untracked 
|  21|0x0000000781500000, 0x0000000781500000, 0x0000000781600000|  0%| F|  |TAMS 0x0000000781500000, 0x0000000781500000| Untracked 
|  22|0x0000000781600000, 0x0000000781600000, 0x0000000781700000|  0%| F|  |TAMS 0x0000000781600000, 0x0000000781600000| Untracked 
|  23|0x0000000781700000, 0x0000000781700000, 0x0000000781800000|  0%| F|  |TAMS 0x0000000781700000, 0x0000000781700000| Untracked 
|  24|0x0000000781800000, 0x0000000781800000, 0x0000000781900000|  0%| F|  |TAMS 0x0000000781800000, 0x0000000781800000| Untracked 
|  25|0x0000000781900000, 0x0000000781900000, 0x0000000781a00000|  0%| F|  |TAMS 0x0000000781900000, 0x0000000781900000| Untracked 
|  26|0x0000000781a00000, 0x0000000781a00000, 0x0000000781b00000|  0%| F|  |TAMS 0x0000000781a00000, 0x0000000781a00000| Untracked 
|  27|0x0000000781b00000, 0x0000000781b00000, 0x0000000781c00000|  0%| F|  |TAMS 0x0000000781b00000, 0x0000000781b00000| Untracked 
|  28|0x0000000781c00000, 0x0000000781c00000, 0x0000000781d00000|  0%| F|  |TAMS 0x0000000781c00000, 0x0000000781c00000| Untracked 
|  29|0x0000000781d00000, 0x0000000781d00000, 0x0000000781e00000|  0%| F|  |TAMS 0x0000000781d00000, 0x0000000781d00000| Untracked 
|  30|0x0000000781e00000, 0x0000000781e00000, 0x0000000781f00000|  0%| F|  |TAMS 0x0000000781e00000, 0x0000000781e00000| Untracked 
|  31|0x0000000781f00000, 0x0000000781f00000, 0x0000000782000000|  0%| F|  |TAMS 0x0000000781f00000, 0x0000000781f00000| Untracked 
|  32|0x0000000782000000, 0x0000000782000000, 0x0000000782100000|  0%| F|  |TAMS 0x0000000782000000, 0x0000000782000000| Untracked 
|  33|0x0000000782100000, 0x0000000782100000, 0x0000000782200000|  0%| F|  |TAMS 0x0000000782100000, 0x0000000782100000| Untracked 
|  34|0x0000000782200000, 0x0000000782200000, 0x0000000782300000|  0%| F|  |TAMS 0x0000000782200000, 0x0000000782200000| Untracked 
|  35|0x0000000782300000, 0x0000000782300000, 0x0000000782400000|  0%| F|  |TAMS 0x0000000782300000, 0x0000000782300000| Untracked 
|  36|0x0000000782400000, 0x0000000782400000, 0x0000000782500000|  0%| F|  |TAMS 0x0000000782400000, 0x0000000782400000| Untracked 
|  37|0x0000000782500000, 0x0000000782500000, 0x0000000782600000|  0%| F|  |TAMS 0x0000000782500000, 0x0000000782500000| Untracked 
|  38|0x0000000782600000, 0x0000000782600000, 0x0000000782700000|  0%| F|  |TAMS 0x0000000782600000, 0x0000000782600000| Untracked 
|  39|0x0000000782700000, 0x0000000782700000, 0x0000000782800000|  0%| F|  |TAMS 0x0000000782700000, 0x0000000782700000| Untracked 
|  40|0x0000000782800000, 0x0000000782800000, 0x0000000782900000|  0%| F|  |TAMS 0x0000000782800000, 0x0000000782800000| Untracked 
|  41|0x0000000782900000, 0x0000000782900000, 0x0000000782a00000|  0%| F|  |TAMS 0x0000000782900000, 0x0000000782900000| Untracked 
|  42|0x0000000782a00000, 0x0000000782a00000, 0x0000000782b00000|  0%| F|  |TAMS 0x0000000782a00000, 0x0000000782a00000| Untracked 
|  43|0x0000000782b00000, 0x0000000782b00000, 0x0000000782c00000|  0%| F|  |TAMS 0x0000000782b00000, 0x0000000782b00000| Untracked 
|  44|0x0000000782c00000, 0x0000000782c00000, 0x0000000782d00000|  0%| F|  |TAMS 0x0000000782c00000, 0x0000000782c00000| Untracked 
|  45|0x0000000782d00000, 0x0000000782d00000, 0x0000000782e00000|  0%| F|  |TAMS 0x0000000782d00000, 0x0000000782d00000| Untracked 
|  46|0x0000000782e00000, 0x0000000782e00000, 0x0000000782f00000|  0%| F|  |TAMS 0x0000000782e00000, 0x0000000782e00000| Untracked 
|  47|0x0000000782f00000, 0x0000000782f00000, 0x0000000783000000|  0%| F|  |TAMS 0x0000000782f00000, 0x0000000782f00000| Untracked 
|  48|0x0000000783000000, 0x0000000783000000, 0x0000000783100000|  0%| F|  |TAMS 0x0000000783000000, 0x0000000783000000| Untracked 
|  49|0x0000000783100000, 0x0000000783100000, 0x0000000783200000|  0%| F|  |TAMS 0x0000000783100000, 0x0000000783100000| Untracked 
|  50|0x0000000783200000, 0x0000000783200000, 0x0000000783300000|  0%| F|  |TAMS 0x0000000783200000, 0x0000000783200000| Untracked 
|  51|0x0000000783300000, 0x0000000783300000, 0x0000000783400000|  0%| F|  |TAMS 0x0000000783300000, 0x0000000783300000| Untracked 
|  52|0x0000000783400000, 0x0000000783400000, 0x0000000783500000|  0%| F|  |TAMS 0x0000000783400000, 0x0000000783400000| Untracked 
|  53|0x0000000783500000, 0x0000000783500000, 0x0000000783600000|  0%| F|  |TAMS 0x0000000783500000, 0x0000000783500000| Untracked 
|  54|0x0000000783600000, 0x0000000783600000, 0x0000000783700000|  0%| F|  |TAMS 0x0000000783600000, 0x0000000783600000| Untracked 
|  55|0x0000000783700000, 0x0000000783700000, 0x0000000783800000|  0%| F|  |TAMS 0x0000000783700000, 0x0000000783700000| Untracked 
|  56|0x0000000783800000, 0x0000000783800000, 0x0000000783900000|  0%| F|  |TAMS 0x0000000783800000, 0x0000000783800000| Untracked 
|  57|0x0000000783900000, 0x0000000783900000, 0x0000000783a00000|  0%| F|  |TAMS 0x0000000783900000, 0x0000000783900000| Untracked 
|  58|0x0000000783a00000, 0x0000000783a00000, 0x0000000783b00000|  0%| F|  |TAMS 0x0000000783a00000, 0x0000000783a00000| Untracked 
|  59|0x0000000783b00000, 0x0000000783b00000, 0x0000000783c00000|  0%| F|  |TAMS 0x0000000783b00000, 0x0000000783b00000| Untracked 
|  60|0x0000000783c00000, 0x0000000783c00000, 0x0000000783d00000|  0%| F|  |TAMS 0x0000000783c00000, 0x0000000783c00000| Untracked 
|  61|0x0000000783d00000, 0x0000000783d00000, 0x0000000783e00000|  0%| F|  |TAMS 0x0000000783d00000, 0x0000000783d00000| Untracked 
|  62|0x0000000783e00000, 0x0000000783e00000, 0x0000000783f00000|  0%| F|  |TAMS 0x0000000783e00000, 0x0000000783e00000| Untracked 
|  63|0x0000000783f00000, 0x0000000783f00000, 0x0000000784000000|  0%| F|  |TAMS 0x0000000783f00000, 0x0000000783f00000| Untracked 
|  64|0x0000000784000000, 0x0000000784000000, 0x0000000784100000|  0%| F|  |TAMS 0x0000000784000000, 0x0000000784000000| Untracked 
|  65|0x0000000784100000, 0x0000000784100000, 0x0000000784200000|  0%| F|  |TAMS 0x0000000784100000, 0x0000000784100000| Untracked 
|  66|0x0000000784200000, 0x0000000784200000, 0x0000000784300000|  0%| F|  |TAMS 0x0000000784200000, 0x0000000784200000| Untracked 
|  67|0x0000000784300000, 0x0000000784300000, 0x0000000784400000|  0%| F|  |TAMS 0x0000000784300000, 0x0000000784300000| Untracked 
|  68|0x0000000784400000, 0x0000000784400000, 0x0000000784500000|  0%| F|  |TAMS 0x0000000784400000, 0x0000000784400000| Untracked 
|  69|0x0000000784500000, 0x0000000784500000, 0x0000000784600000|  0%| F|  |TAMS 0x0000000784500000, 0x0000000784500000| Untracked 
|  70|0x0000000784600000, 0x0000000784600000, 0x0000000784700000|  0%| F|  |TAMS 0x0000000784600000, 0x0000000784600000| Untracked 
|  71|0x0000000784700000, 0x0000000784700000, 0x0000000784800000|  0%| F|  |TAMS 0x0000000784700000, 0x0000000784700000| Untracked 
|  72|0x0000000784800000, 0x0000000784800000, 0x0000000784900000|  0%| F|  |TAMS 0x0000000784800000, 0x0000000784800000| Untracked 
|  73|0x0000000784900000, 0x0000000784900000, 0x0000000784a00000|  0%| F|  |TAMS 0x0000000784900000, 0x0000000784900000| Untracked 
|  74|0x0000000784a00000, 0x0000000784a00000, 0x0000000784b00000|  0%| F|  |TAMS 0x0000000784a00000, 0x0000000784a00000| Untracked 
|  75|0x0000000784b00000, 0x0000000784b00000, 0x0000000784c00000|  0%| F|  |TAMS 0x0000000784b00000, 0x0000000784b00000| Untracked 
|  76|0x0000000784c00000, 0x0000000784c00000, 0x0000000784d00000|  0%| F|  |TAMS 0x0000000784c00000, 0x0000000784c00000| Untracked 
|  77|0x0000000784d00000, 0x0000000784d00000, 0x0000000784e00000|  0%| F|  |TAMS 0x0000000784d00000, 0x0000000784d00000| Untracked 
|  78|0x0000000784e00000, 0x0000000784e00000, 0x0000000784f00000|  0%| F|  |TAMS 0x0000000784e00000, 0x0000000784e00000| Untracked 
|  79|0x0000000784f00000, 0x0000000784f00000, 0x0000000785000000|  0%| F|  |TAMS 0x0000000784f00000, 0x0000000784f00000| Untracked 
|  80|0x0000000785000000, 0x0000000785000000, 0x0000000785100000|  0%| F|  |TAMS 0x0000000785000000, 0x0000000785000000| Untracked 
|  81|0x0000000785100000, 0x0000000785100000, 0x0000000785200000|  0%| F|  |TAMS 0x0000000785100000, 0x0000000785100000| Untracked 
|  82|0x0000000785200000, 0x0000000785200000, 0x0000000785300000|  0%| F|  |TAMS 0x0000000785200000, 0x0000000785200000| Untracked 
|  83|0x0000000785300000, 0x0000000785300000, 0x0000000785400000|  0%| F|  |TAMS 0x0000000785300000, 0x0000000785300000| Untracked 
|  84|0x0000000785400000, 0x0000000785400000, 0x0000000785500000|  0%| F|  |TAMS 0x0000000785400000, 0x0000000785400000| Untracked 
|  85|0x0000000785500000, 0x0000000785500000, 0x0000000785600000|  0%| F|  |TAMS 0x0000000785500000, 0x0000000785500000| Untracked 
|  86|0x0000000785600000, 0x0000000785600000, 0x0000000785700000|  0%| F|  |TAMS 0x0000000785600000, 0x0000000785600000| Untracked 
|  87|0x0000000785700000, 0x0000000785700000, 0x0000000785800000|  0%| F|  |TAMS 0x0000000785700000, 0x0000000785700000| Untracked 
|  88|0x0000000785800000, 0x0000000785800000, 0x0000000785900000|  0%| F|  |TAMS 0x0000000785800000, 0x0000000785800000| Untracked 
|  89|0x0000000785900000, 0x0000000785900000, 0x0000000785a00000|  0%| F|  |TAMS 0x0000000785900000, 0x0000000785900000| Untracked 
|  90|0x0000000785a00000, 0x0000000785a00000, 0x0000000785b00000|  0%| F|  |TAMS 0x0000000785a00000, 0x0000000785a00000| Untracked 
|  91|0x0000000785b00000, 0x0000000785b00000, 0x0000000785c00000|  0%| F|  |TAMS 0x0000000785b00000, 0x0000000785b00000| Untracked 
|  92|0x0000000785c00000, 0x0000000785c00000, 0x0000000785d00000|  0%| F|  |TAMS 0x0000000785c00000, 0x0000000785c00000| Untracked 
|  93|0x0000000785d00000, 0x0000000785d00000, 0x0000000785e00000|  0%| F|  |TAMS 0x0000000785d00000, 0x0000000785d00000| Untracked 
|  94|0x0000000785e00000, 0x0000000785e00000, 0x0000000785f00000|  0%| F|  |TAMS 0x0000000785e00000, 0x0000000785e00000| Untracked 
|  95|0x0000000785f00000, 0x0000000785f00000, 0x0000000786000000|  0%| F|  |TAMS 0x0000000785f00000, 0x0000000785f00000| Untracked 
|  96|0x0000000786000000, 0x0000000786000000, 0x0000000786100000|  0%| F|  |TAMS 0x0000000786000000, 0x0000000786000000| Untracked 
|  97|0x0000000786100000, 0x0000000786100000, 0x0000000786200000|  0%| F|  |TAMS 0x0000000786100000, 0x0000000786100000| Untracked 
|  98|0x0000000786200000, 0x0000000786200000, 0x0000000786300000|  0%| F|  |TAMS 0x0000000786200000, 0x0000000786200000| Untracked 
|  99|0x0000000786300000, 0x0000000786300000, 0x0000000786400000|  0%| F|  |TAMS 0x0000000786300000, 0x0000000786300000| Untracked 
| 100|0x0000000786400000, 0x0000000786400000, 0x0000000786500000|  0%| F|  |TAMS 0x0000000786400000, 0x0000000786400000| Untracked 
| 101|0x0000000786500000, 0x0000000786500000, 0x0000000786600000|  0%| F|  |TAMS 0x0000000786500000, 0x0000000786500000| Untracked 
| 102|0x0000000786600000, 0x0000000786600000, 0x0000000786700000|  0%| F|  |TAMS 0x0000000786600000, 0x0000000786600000| Untracked 
| 103|0x0000000786700000, 0x0000000786700000, 0x0000000786800000|  0%| F|  |TAMS 0x0000000786700000, 0x0000000786700000| Untracked 
| 104|0x0000000786800000, 0x0000000786800000, 0x0000000786900000|  0%| F|  |TAMS 0x0000000786800000, 0x0000000786800000| Untracked 
| 105|0x0000000786900000, 0x0000000786900000, 0x0000000786a00000|  0%| F|  |TAMS 0x0000000786900000, 0x0000000786900000| Untracked 
| 106|0x0000000786a00000, 0x0000000786a00000, 0x0000000786b00000|  0%| F|  |TAMS 0x0000000786a00000, 0x0000000786a00000| Untracked 
| 107|0x0000000786b00000, 0x0000000786b00000, 0x0000000786c00000|  0%| F|  |TAMS 0x0000000786b00000, 0x0000000786b00000| Untracked 
| 108|0x0000000786c00000, 0x0000000786c00000, 0x0000000786d00000|  0%| F|  |TAMS 0x0000000786c00000, 0x0000000786c00000| Untracked 
| 109|0x0000000786d00000, 0x0000000786d00000, 0x0000000786e00000|  0%| F|  |TAMS 0x0000000786d00000, 0x0000000786d00000| Untracked 
| 110|0x0000000786e00000, 0x0000000786e00000, 0x0000000786f00000|  0%| F|  |TAMS 0x0000000786e00000, 0x0000000786e00000| Untracked 
| 111|0x0000000786f00000, 0x0000000786f00000, 0x0000000787000000|  0%| F|  |TAMS 0x0000000786f00000, 0x0000000786f00000| Untracked 
| 112|0x0000000787000000, 0x0000000787000000, 0x0000000787100000|  0%| F|  |TAMS 0x0000000787000000, 0x0000000787000000| Untracked 
| 113|0x0000000787100000, 0x0000000787100000, 0x0000000787200000|  0%| F|  |TAMS 0x0000000787100000, 0x0000000787100000| Untracked 
| 114|0x0000000787200000, 0x0000000787200000, 0x0000000787300000|  0%| F|  |TAMS 0x0000000787200000, 0x0000000787200000| Untracked 
| 115|0x0000000787300000, 0x0000000787300000, 0x0000000787400000|  0%| F|  |TAMS 0x0000000787300000, 0x0000000787300000| Untracked 
| 116|0x0000000787400000, 0x0000000787400000, 0x0000000787500000|  0%| F|  |TAMS 0x0000000787400000, 0x0000000787400000| Untracked 
| 117|0x0000000787500000, 0x0000000787500000, 0x0000000787600000|  0%| F|  |TAMS 0x0000000787500000, 0x0000000787500000| Untracked 
| 118|0x0000000787600000, 0x0000000787600000, 0x0000000787700000|  0%| F|  |TAMS 0x0000000787600000, 0x0000000787600000| Untracked 
| 119|0x0000000787700000, 0x0000000787745088, 0x0000000787800000| 26%| E|  |TAMS 0x0000000787700000, 0x0000000787700000| Complete 
| 120|0x0000000787800000, 0x0000000787900000, 0x0000000787900000|100%| E|CS|TAMS 0x0000000787800000, 0x0000000787800000| Complete 
| 121|0x0000000787900000, 0x0000000787a00000, 0x0000000787a00000|100%| E|CS|TAMS 0x0000000787900000, 0x0000000787900000| Complete 
| 122|0x0000000787a00000, 0x0000000787b00000, 0x0000000787b00000|100%| E|CS|TAMS 0x0000000787a00000, 0x0000000787a00000| Complete 
| 123|0x0000000787b00000, 0x0000000787c00000, 0x0000000787c00000|100%| E|CS|TAMS 0x0000000787b00000, 0x0000000787b00000| Complete 
| 124|0x0000000787c00000, 0x0000000787d00000, 0x0000000787d00000|100%| E|CS|TAMS 0x0000000787c00000, 0x0000000787c00000| Complete 
| 125|0x0000000787d00000, 0x0000000787e00000, 0x0000000787e00000|100%| E|CS|TAMS 0x0000000787d00000, 0x0000000787d00000| Complete 
| 126|0x0000000787e00000, 0x0000000787f00000, 0x0000000787f00000|100%| E|CS|TAMS 0x0000000787e00000, 0x0000000787e00000| Complete 
| 127|0x0000000787f00000, 0x0000000788000000, 0x0000000788000000|100%| E|CS|TAMS 0x0000000787f00000, 0x0000000787f00000| Complete 
|2046|0x00000007ffe00000, 0x00000007ffe74000, 0x00000007fff00000| 45%|OA|  |TAMS 0x00000007ffe00000, 0x00000007ffe00000| Untracked 
|2047|0x00000007fff00000, 0x00000007fff72000, 0x0000000800000000| 44%|CA|  |TAMS 0x00000007fff00000, 0x00000007fff00000| Untracked 

Card table byte_map: [0x000000010a082000,0x000000010a482000] _byte_map_base: 0x0000000106482000

Marking Bits (Prev, Next): (CMBitMap*) 0x00007f7b18021210, (CMBitMap*) 0x00007f7b18021250
 Prev Bits: [0x0000000122a1c000, 0x0000000124a1c000)
 Next Bits: [0x0000000124a1c000, 0x0000000126a1c000)

Polling page: 0x00000001099a6000

Metaspace:

Usage:
  Non-class:      3.70 MB used.
      Class:    383.02 KB used.
       Both:      4.08 MB used.

Virtual space:
  Non-class space:       64.00 MB reserved,       3.81 MB (  6%) committed,  1 nodes.
      Class space:        1.00 GB reserved,     512.00 KB ( <1%) committed,  1 nodes.
             Both:        1.06 GB reserved,       4.31 MB ( <1%) committed. 

Chunk freelists:
   Non-Class:  3.02 MB
       Class:  3.53 MB
        Both:  6.55 MB

MaxMetaspaceSize: unlimited
CompressedClassSpaceSize: 1.00 GB
Initial GC threshold: 21.00 MB
Current GC threshold: 21.00 MB
CDS: on
MetaspaceReclaimPolicy: balanced
 - commit_granule_bytes: 65536.
 - commit_granule_words: 8192.
 - virtual_space_node_default_size: 8388608.
 - enlarge_chunks_in_place: 1.
 - new_chunks_are_fully_committed: 0.
 - uncommit_free_chunks: 1.
 - use_allocation_guard: 0.


Internal statistics:

num_allocs_failed_limit: 0.
num_arena_births: 102.
num_arena_deaths: 0.
num_vsnodes_births: 2.
num_vsnodes_deaths: 0.
num_space_committed: 69.
num_space_uncommitted: 0.
num_chunks_returned_to_freelist: 0.
num_chunks_taken_from_freelist: 173.
num_chunk_merges: 0.
num_chunk_splits: 108.
num_chunks_enlarged: 64.
num_inconsistent_stats: 0.

CodeHeap 'non-profiled nmethods': size=120032Kb used=209Kb max_used=209Kb free=119822Kb
 bounds [0x000000011b4e4000, 0x000000011b754000, 0x0000000122a1c000]
CodeHeap 'profiled nmethods': size=120028Kb used=954Kb max_used=954Kb free=119073Kb
 bounds [0x0000000113fad000, 0x000000011421d000, 0x000000011b4e4000]
CodeHeap 'non-nmethods': size=5700Kb used=1173Kb max_used=1186Kb free=4526Kb
 bounds [0x0000000113a1c000, 0x0000000113c8c000, 0x0000000113fad000]
 total_blobs=1132 nmethods=670 adapters=376
 compilation: enabled
              stopped_count=0, restarted_count=0
 full_count=0

Compilation events (20 events):
Event: 1.653 Thread 0x00007f7b18048000 nmethod 660 0x0000000114098090 code [0x00000001140982c0, 0x00000001140988f0]
Event: 1.656 Thread 0x00007f7b18048000  662       3       java.io.UnixFileSystem::prefixLength (15 bytes)
Event: 1.656 Thread 0x00007f7b18048000 nmethod 662 0x0000000114098b90 code [0x0000000114098d40, 0x0000000114098f60]
Event: 1.656 Thread 0x00007f7b18048000  663       3       java.io.File::isInvalid (47 bytes)
Event: 1.657 Thread 0x00007f7b18048000 nmethod 663 0x0000000114099090 code [0x0000000114099260, 0x0000000114099680]
Event: 1.657 Thread 0x00007f7b19032400 nmethod 661 0x000000011b517d90 code [0x000000011b517f20, 0x000000011b518378]
Event: 1.658 Thread 0x00007f7b18048000  664       3       java.lang.ClassLoader::loadClass (7 bytes)
Event: 1.658 Thread 0x00007f7b18048000 nmethod 664 0x0000000114099790 code [0x0000000114099940, 0x0000000114099b00]
Event: 1.659 Thread 0x00007f7b18048000  665       3       jdk.internal.loader.BuiltinClassLoader::loadClass (22 bytes)
Event: 1.659 Thread 0x00007f7b18048000 nmethod 665 0x0000000114099b90 code [0x0000000114099d40, 0x0000000114099ff0]
Event: 1.659 Thread 0x00007f7b18048000  666       3       java.lang.ref.PhantomReference::<init> (7 bytes)
Event: 1.660 Thread 0x00007f7b18048000 nmethod 666 0x000000011409a110 code [0x000000011409a2c0, 0x000000011409a5b0]
Event: 1.665 Thread 0x00007f7b18048000  667       3       java.lang.Integer::valueOf (32 bytes)
Event: 1.666 Thread 0x00007f7b18048000 nmethod 667 0x000000011409a690 code [0x000000011409a860, 0x000000011409ab70]
Event: 1.666 Thread 0x00007f7b18048000  668       3       java.nio.Buffer::remaining (20 bytes)
Event: 1.666 Thread 0x00007f7b18048000 nmethod 668 0x000000011409ac90 code [0x000000011409ae40, 0x000000011409afd0]
Event: 1.668 Thread 0x00007f7b18048000  669       3       jdk.internal.loader.ClassLoaders$AppClassLoader::loadClass (40 bytes)
Event: 1.669 Thread 0x00007f7b18048000 nmethod 669 0x000000011409b090 code [0x000000011409b260, 0x000000011409b650]
Event: 1.670 Thread 0x00007f7b18048000  670       3       java.lang.Module::isNamed (13 bytes)
Event: 1.670 Thread 0x00007f7b18048000 nmethod 670 0x000000011409b810 code [0x000000011409b9a0, 0x000000011409bb10]

GC Heap History (0 events):
No events

Deoptimization events (10 events):
Event: 0.378 Thread 0x00007f7b17008c00 Uncommon trap: trap_request=0xfffffff4 fr.pc=0x000000011b4ef9c8 relative=0x00000000000001a8
Event: 0.378 Thread 0x00007f7b17008c00 Uncommon trap: reason=null_check action=make_not_entrant pc=0x000000011b4ef9c8 method=java.lang.String.equals(Ljava/lang/Object;)Z @ 8 c2
Event: 0.378 Thread 0x00007f7b17008c00 DEOPT PACKING pc=0x000000011b4ef9c8 sp=0x000070000ac15320
Event: 0.378 Thread 0x00007f7b17008c00 DEOPT UNPACKING pc=0x0000000113a6e099 sp=0x000070000ac152e8 mode 2
Event: 0.725 Thread 0x00007f7b17008c00 Uncommon trap: trap_request=0xffffff45 fr.pc=0x000000011b4eef08 relative=0x00000000000007e8
Event: 0.725 Thread 0x00007f7b17008c00 Uncommon trap: reason=unstable_if action=reinterpret pc=0x000000011b4eef08 method=java.util.HashMap.putVal(ILjava/lang/Object;Ljava/lang/Object;ZZ)Ljava/lang/Object; @ 181 c2
Event: 0.725 Thread 0x00007f7b17008c00 DEOPT PACKING pc=0x000000011b4eef08 sp=0x000070000ac14aa0
Event: 0.725 Thread 0x00007f7b17008c00 DEOPT UNPACKING pc=0x0000000113a6e099 sp=0x000070000ac14a50 mode 2
Event: 0.889 Thread 0x00007f7b17008c00 DEOPT PACKING pc=0x0000000113fe69da sp=0x000070000ac12900
Event: 0.889 Thread 0x00007f7b17008c00 DEOPT UNPACKING pc=0x0000000113a6e82f sp=0x000070000ac11d40 mode 0

Classes loaded (20 events):
Event: 1.657 Loading class java/awt/Image
Event: 1.657 Loading class java/awt/Image done
Event: 1.657 Loading class java/awt/image/BufferedImage
Event: 1.657 Loading class java/awt/image/WritableRenderedImage
Event: 1.657 Loading class java/awt/image/RenderedImage
Event: 1.657 Loading class java/awt/image/RenderedImage done
Event: 1.657 Loading class java/awt/image/WritableRenderedImage done
Event: 1.657 Loading class java/awt/Transparency
Event: 1.657 Loading class java/awt/Transparency done
Event: 1.657 Loading class java/awt/image/BufferedImage done
Event: 1.658 Loading class java/awt/IllegalComponentStateException
Event: 1.658 Loading class java/awt/IllegalComponentStateException done
Event: 1.658 Loading class java/awt/Point
Event: 1.658 Loading class java/awt/geom/Point2D
Event: 1.658 Loading class java/awt/geom/Point2D done
Event: 1.658 Loading class java/awt/Point done
Event: 1.658 Loading class java/awt/GraphicsConfiguration
Event: 1.658 Loading class java/awt/GraphicsConfiguration done
Event: 1.670 Loading class java/lang/NumberFormatException
Event: 1.670 Loading class java/lang/NumberFormatException done

Classes unloaded (0 events):
No events

Classes redefined (0 events):
No events

Internal exceptions (20 events):
Event: 0.746 Thread 0x00007f7b17008c00 Exception <a 'java/lang/NoSuchMethodError'{0x0000000787c8f7d8}: 'int java.lang.invoke.DirectMethodHandle$Holder.invokeSpecial(java.lang.Object, java.lang.Object, java.lang.Object, int)'> (0x0000000787c8f7d8) 
thrown [open/src/hotspot/share/interpreter/linkResolver.cpp, line 759]
Event: 0.749 Thread 0x00007f7b17008c00 Exception <a 'java/lang/NoSuchMethodError'{0x0000000787ca1e18}: 'java.lang.Object java.lang.invoke.DirectMethodHandle$Holder.invokeStatic(java.lang.Object, java.lang.Object, java.lang.Object, java.lang.Object, int)'> (0x0000000787ca1e18) 
thrown [open/src/hotspot/share/interpreter/linkResolver.cpp, line 759]
Event: 0.752 Thread 0x00007f7b17008c00 Exception <a 'java/lang/NoSuchMethodError'{0x0000000787cad410}: 'int java.lang.invoke.DelegatingMethodHandle$Holder.reinvoke_L(java.lang.Object, java.lang.Object, int, int)'> (0x0000000787cad410) 
thrown [open/src/hotspot/share/interpreter/linkResolver.cpp, line 759]
Event: 0.851 Thread 0x00007f7b17008c00 Exception <a 'java/lang/ClassNotFoundException'{0x0000000787b1cc90}: sun/awt/resources/spi/awtProvider> (0x0000000787b1cc90) 
thrown [open/src/hotspot/share/classfile/systemDictionary.cpp, line 255]
Event: 0.918 Thread 0x00007f7b17008c00 Exception <a 'java/io/FileNotFoundException'{0x0000000787b61f78}> (0x0000000787b61f78) 
thrown [open/src/hotspot/share/prims/jni.cpp, line 516]
Event: 1.017 Thread 0x00007f7b17008c00 Exception <a 'java/io/FileNotFoundException'{0x0000000787b8ec40}> (0x0000000787b8ec40) 
thrown [open/src/hotspot/share/prims/jni.cpp, line 516]
Event: 1.018 Thread 0x00007f7b17008c00 Exception <a 'java/lang/NoSuchMethodError'{0x0000000787b8fcd8}: 'java.lang.Object java.lang.invoke.DirectMethodHandle$Holder.invokeStaticInit(java.lang.Object)'> (0x0000000787b8fcd8) 
thrown [open/src/hotspot/share/interpreter/linkResolver.cpp, line 759]
Event: 1.024 Thread 0x00007f7b17008c00 Exception <a 'java/lang/ClassNotFoundException'{0x0000000787b963a0}: sun/awt/resources/spi/awtosxProvider> (0x0000000787b963a0) 
thrown [open/src/hotspot/share/classfile/systemDictionary.cpp, line 255]
Event: 1.222 Thread 0x00007f7b18812e00 Exception <a 'java/lang/NoSuchMethodError'{0x0000000787aeb1c0}: 'java.lang.Object java.lang.invoke.Invokers$Holder.invokeExact_MT(java.lang.Object, java.lang.Object, java.lang.Object, java.lang.Object, java.lang.Object, java.lang.Object)'> (0x0000000787aeb1c0) 
thrown [open/src/hotspot/share/interpreter/linkResolver.cpp, line 759]
Event: 1.290 Thread 0x00007f7b17008c00 Exception <a 'java/lang/NoSuchMethodError'{0x0000000787bb41d0}: 'java.lang.Object java.lang.invoke.DirectMethodHandle$Holder.invokeInterface(java.lang.Object, java.lang.Object)'> (0x0000000787bb41d0) 
thrown [open/src/hotspot/share/interpreter/linkResolver.cpp, line 759]
Event: 1.290 Thread 0x00007f7b17008c00 Exception <a 'java/lang/IncompatibleClassChangeError'{0x0000000787bb79c0}: Found class java.lang.Object, but interface was expected> (0x0000000787bb79c0) 
thrown [open/src/hotspot/share/interpreter/linkResolver.cpp, line 826]
Event: 1.386 Thread 0x00007f7b17008c00 Exception <a 'org/lwjgl/LWJGLException'{0x0000000787975888}: Could not load OpenAL library> (0x0000000787975888) 
thrown [open/src/hotspot/share/prims/jni.cpp, line 535]
Event: 1.386 Thread 0x00007f7b17008c00 Exception <a 'org/lwjgl/LWJGLException'{0x0000000787975d60}: Could not load OpenAL library> (0x0000000787975d60) 
thrown [open/src/hotspot/share/prims/jni.cpp, line 535]
Event: 1.387 Thread 0x00007f7b17008c00 Exception <a 'org/lwjgl/LWJGLException'{0x00000007879761f8}: Could not load OpenAL library> (0x00000007879761f8) 
thrown [open/src/hotspot/share/prims/jni.cpp, line 535]
Event: 1.387 Thread 0x00007f7b17008c00 Exception <a 'org/lwjgl/LWJGLException'{0x00000007879766b0}: Could not load OpenAL library> (0x00000007879766b0) 
thrown [open/src/hotspot/share/prims/jni.cpp, line 535]
Event: 1.387 Thread 0x00007f7b17008c00 Exception <a 'org/lwjgl/LWJGLException'{0x0000000787976b60}: Could not load OpenAL library> (0x0000000787976b60) 
thrown [open/src/hotspot/share/prims/jni.cpp, line 535]
Event: 1.387 Thread 0x00007f7b17008c00 Exception <a 'org/lwjgl/LWJGLException'{0x0000000787976fc8}: Could not load OpenAL library> (0x0000000787976fc8) 
thrown [open/src/hotspot/share/prims/jni.cpp, line 535]
Event: 1.388 Thread 0x00007f7b17008c00 Exception <a 'org/lwjgl/LWJGLException'{0x0000000787977410}: Could not load OpenAL library> (0x0000000787977410) 
thrown [open/src/hotspot/share/prims/jni.cpp, line 535]
Event: 1.391 Thread 0x00007f7b17008c00 Exception <a 'org/lwjgl/LWJGLException'{0x00000007879778e8}: Could not load OpenAL library> (0x00000007879778e8) 
thrown [open/src/hotspot/share/prims/jni.cpp, line 535]
Event: 1.554 Thread 0x00007f7b17008c00 Exception <a 'java/lang/NoSuchMethodError'{0x00000007879de848}: 'int java.lang.invoke.Invokers$Holder.invokeExact_MT(java.lang.Object, java.lang.Object)'> (0x00000007879de848) 
thrown [open/src/hotspot/share/interpreter/linkResolver.cpp, line 759]

VM Operations (6 events):
Event: 0.163 Executing VM operation: HandshakeAllThreads
Event: 0.163 Executing VM operation: HandshakeAllThreads done
Event: 0.458 Executing VM operation: HandshakeAllThreads
Event: 0.459 Executing VM operation: HandshakeAllThreads done
Event: 1.060 Executing VM operation: Cleanup
Event: 1.060 Executing VM operation: Cleanup done

Events (20 events):
Event: 0.470 Loaded shared library /Library/Java/JavaVirtualMachines/jdk-18.0.2.1.jdk/Contents/Home/lib/libextnet.dylib
Event: 0.605 Loaded shared library /Library/Java/JavaVirtualMachines/jdk-18.0.2.1.jdk/Contents/Home/lib/libjimage.dylib
Event: 0.617 Loaded shared library /private/var/folders/6y/7l3qxljj513dtfybyfg7t85m0000gn/T/libgdxlwutkowski/c2f65b3b/libgdx64.dylib
Event: 0.797 Loaded shared library /Library/Java/JavaVirtualMachines/jdk-18.0.2.1.jdk/Contents/Home/lib/libverify.dylib
Event: 0.866 Loaded shared library /Library/Java/JavaVirtualMachines/jdk-18.0.2.1.jdk/Contents/Home/lib/libawt.dylib
Event: 0.881 Loaded shared library /Library/Java/JavaVirtualMachines/jdk-18.0.2.1.jdk/Contents/Home/lib/libawt_lwawt.dylib
Event: 1.028 Loaded shared library /Library/Java/JavaVirtualMachines/jdk-18.0.2.1.jdk/Contents/Home/lib/libfontmanager.dylib
Event: 1.055 Protecting memory [0x00007ff7b5e81000,0x00007ff7b5e85000] with protection modes 0
Event: 1.055 Thread 0x00007f7b18048600 Thread added: 0x00007f7b18048600
Event: 1.060 Thread 0x00007f7b18812e00 Thread added: 0x00007f7b18812e00
Event: 1.060 Protecting memory [0x000070000bf55000,0x000070000bf59000] with protection modes 0
Event: 1.139 Thread 0x00007f7b18828400 Thread added: 0x00007f7b18828400
Event: 1.139 Protecting memory [0x000070000c0db000,0x000070000c0df000] with protection modes 0
Event: 1.287 Loaded shared library /private/var/folders/6y/7l3qxljj513dtfybyfg7t85m0000gn/T/libgdxlwutkowski/f7649394/liblwjgl.dylib
Event: 1.572 Thread 0x00007f7b19260800 Thread added: 0x00007f7b19260800
Event: 1.572 Protecting memory [0x000070000c46d000,0x000070000c471000] with protection modes 0
Event: 1.573 Protecting memory [0x000070000ab16000,0x000070000ab1a000] with protection modes 3
Event: 1.573 Thread 0x00007f7b17008c00 Thread exited: 0x00007f7b17008c00
Event: 1.574 Protecting memory [0x000070000ab16000,0x000070000ab1a000] with protection modes 0
Event: 1.574 Thread 0x00007f7b18043200 Thread added: 0x00007f7b18043200


Dynamic libraries:
0x00000001099a8000 	/Library/Java/JavaVirtualMachines/jdk-18.0.2.1.jdk/Contents/Home/lib/libjli.dylib
0x00007ff8163b5000 	/usr/lib/libz.1.dylib
0x00007ff816495000 	/usr/lib/libSystem.B.dylib
0x00007ff816490000 	/usr/lib/system/libcache.dylib
0x00007ff81644c000 	/usr/lib/system/libcommonCrypto.dylib
0x00007ff816475000 	/usr/lib/system/libcompiler_rt.dylib
0x00007ff81646b000 	/usr/lib/system/libcopyfile.dylib
0x00007ff80b424000 	/usr/lib/system/libcorecrypto.dylib
0x00007ff80b4e2000 	/usr/lib/system/libdispatch.dylib
0x00007ff80b6a2000 	/usr/lib/system/libdyld.dylib
0x00007ff816487000 	/usr/lib/system/libkeymgr.dylib
0x00007ff81642a000 	/usr/lib/system/libmacho.dylib
0x00007ff815aab000 	/usr/lib/system/libquarantine.dylib
0x00007ff816485000 	/usr/lib/system/libremovefile.dylib
0x00007ff810637000 	/usr/lib/system/libsystem_asl.dylib
0x00007ff80b3cd000 	/usr/lib/system/libsystem_blocks.dylib
0x00007ff80b566000 	/usr/lib/system/libsystem_c.dylib
0x00007ff81647d000 	/usr/lib/system/libsystem_collections.dylib
0x00007ff814d5f000 	/usr/lib/system/libsystem_configuration.dylib
0x00007ff814008000 	/usr/lib/system/libsystem_containermanager.dylib
0x00007ff816162000 	/usr/lib/system/libsystem_coreservices.dylib
0x00007ff80dcd8000 	/usr/lib/system/libsystem_darwin.dylib
0x00007ff816488000 	/usr/lib/system/libsystem_dnssd.dylib
0x00007ff80b563000 	/usr/lib/system/libsystem_featureflags.dylib
0x00007ff80b6b8000 	/usr/lib/system/libsystem_info.dylib
0x00007ff8163c8000 	/usr/lib/system/libsystem_m.dylib
0x00007ff80b4b6000 	/usr/lib/system/libsystem_malloc.dylib
0x00007ff8105d2000 	/usr/lib/system/libsystem_networkextension.dylib
0x00007ff80e0fe000 	/usr/lib/system/libsystem_notify.dylib
0x00007ff81c703000 	/usr/lib/system/libsystem_product_info_filter.dylib
0x00007ff814d63000 	/usr/lib/system/libsystem_sandbox.dylib
0x00007ff816482000 	/usr/lib/system/libsystem_secinit.dylib
0x00007ff80b65e000 	/usr/lib/system/libsystem_kernel.dylib
0x00007ff80b6ae000 	/usr/lib/system/libsystem_platform.dylib
0x00007ff80b696000 	/usr/lib/system/libsystem_pthread.dylib
0x00007ff811e85000 	/usr/lib/system/libsystem_symptoms.dylib
0x00007ff80b40b000 	/usr/lib/system/libsystem_trace.dylib
0x00007ff816458000 	/usr/lib/system/libunwind.dylib
0x00007ff80b3cf000 	/usr/lib/system/libxpc.dylib
0x00007ff80b648000 	/usr/lib/libc++abi.dylib
0x00007ff80b529000 	/usr/lib/libobjc.A.dylib
0x00007ff816463000 	/usr/lib/liboah.dylib
0x00007ff80b5ef000 	/usr/lib/libc++.1.dylib
0x00007ff822504000 	/System/Library/Frameworks/Cocoa.framework/Versions/A/Cocoa
0x00007ff80e15c000 	/System/Library/Frameworks/AppKit.framework/Versions/C/AppKit
0x00007ff811673000 	/System/Library/Frameworks/CoreData.framework/Versions/A/CoreData
0x00007ff80c55f000 	/System/Library/Frameworks/Foundation.framework/Versions/C/Foundation
0x00007ff80efec000 	/System/Library/PrivateFrameworks/UIFoundation.framework/Versions/A/UIFoundation
0x00007ff81c406000 	/System/Library/PrivateFrameworks/RemoteViewServices.framework/Versions/A/RemoteViewServices
0x00007ff8146e9000 	/System/Library/PrivateFrameworks/XCTTargetBootstrap.framework/Versions/A/XCTTargetBootstrap
0x00007ff81829c000 	/System/Library/PrivateFrameworks/InternationalSupport.framework/Versions/A/InternationalSupport
0x00007ff818326000 	/System/Library/PrivateFrameworks/UserActivity.framework/Versions/A/UserActivity
0x00007ff81767c000 	/usr/lib/libspindump.dylib
0x00007ff80f27b000 	/System/Library/Frameworks/UniformTypeIdentifiers.framework/Versions/A/UniformTypeIdentifiers
0x00007ff812e0d000 	/usr/lib/libapp_launch_measurement.dylib
0x00007ff812045000 	/System/Library/PrivateFrameworks/CoreAnalytics.framework/Versions/A/CoreAnalytics
0x00007ff812e10000 	/System/Library/PrivateFrameworks/CoreAutoLayout.framework/Versions/A/CoreAutoLayout
0x00007ff814040000 	/System/Library/Frameworks/Metal.framework/Versions/A/Metal
0x00007ff814d6f000 	/usr/lib/liblangid.dylib
0x00007ff8146ee000 	/System/Library/PrivateFrameworks/CoreSVG.framework/Versions/A/CoreSVG
0x00007ff810667000 	/System/Library/PrivateFrameworks/SkyLight.framework/Versions/A/SkyLight
0x00007ff810a06000 	/System/Library/Frameworks/CoreGraphics.framework/Versions/A/CoreGraphics
0x00007ff81cac6000 	/System/Library/Frameworks/Accelerate.framework/Versions/A/Accelerate
0x00007ff8170fb000 	/System/Library/PrivateFrameworks/IconServices.framework/Versions/A/IconServices
0x00007ff814025000 	/System/Library/Frameworks/IOSurface.framework/Versions/A/IOSurface
0x00007ff812073000 	/usr/lib/libDiagnosticMessagesClient.dylib
0x00007ff8201a8000 	/System/Library/Frameworks/ApplicationServices.framework/Versions/A/ApplicationServices
0x00007ff8146d5000 	/System/Library/PrivateFrameworks/DFRFoundation.framework/Versions/A/DFRFoundation
0x00007ff80da44000 	/usr/lib/libicucore.A.dylib
0x00007ff819092000 	/System/Library/Frameworks/AudioToolbox.framework/Versions/A/AudioToolbox
0x00007ff8182a8000 	/System/Library/PrivateFrameworks/DataDetectorsCore.framework/Versions/A/DataDetectorsCore
0x00007ff9147a6000 	/System/Library/PrivateFrameworks/TextInput.framework/Versions/A/TextInput
0x00007ff8105ea000 	/usr/lib/libMobileGestalt.dylib
0x00007ff8143e1000 	/System/Library/Frameworks/Carbon.framework/Versions/A/Frameworks/HIToolbox.framework/Versions/A/HIToolbox
0x00007ff812810000 	/System/Library/Frameworks/QuartzCore.framework/Versions/A/QuartzCore
0x00007ff80d6e9000 	/System/Library/Frameworks/Security.framework/Versions/A/Security
0x00007ff81c43e000 	/System/Library/Frameworks/Carbon.framework/Versions/A/Frameworks/SpeechRecognition.framework/Versions/A/SpeechRecognition
0x00007ff812b6d000 	/System/Library/PrivateFrameworks/CoreUI.framework/Versions/A/CoreUI
0x00007ff80cfb3000 	/System/Library/Frameworks/CoreAudio.framework/Versions/A/CoreAudio
0x00007ff812162000 	/System/Library/Frameworks/DiskArbitration.framework/Versions/A/DiskArbitration
0x00007ff817a6a000 	/System/Library/PrivateFrameworks/MultitouchSupport.framework/Versions/A/MultitouchSupport
0x00007ff8105e9000 	/usr/lib/libenergytrace.dylib
0x00007ff80e048000 	/System/Library/Frameworks/IOKit.framework/Versions/A/IOKit
0x00007ff81c82e000 	/System/Library/Frameworks/CoreServices.framework/Versions/A/CoreServices
0x00007ff812da7000 	/System/Library/PrivateFrameworks/PerformanceAnalysis.framework/Versions/A/PerformanceAnalysis
0x00007ffa24488000 	/System/Library/Frameworks/OpenGL.framework/Versions/A/OpenGL
0x00007ff8159d1000 	/System/Library/PrivateFrameworks/MobileKeyBag.framework/Versions/A/MobileKeyBag
0x00007ff8110d2000 	/System/Library/Frameworks/ColorSync.framework/Versions/A/ColorSync
0x00007ff80b6e3000 	/System/Library/Frameworks/CoreFoundation.framework/Versions/A/CoreFoundation
0x00007ff814965000 	/System/Library/Frameworks/CoreImage.framework/Versions/A/CoreImage
0x00007ff80cdc7000 	/System/Library/Frameworks/CoreText.framework/Versions/A/CoreText
0x00007ff81471e000 	/System/Library/Frameworks/ImageIO.framework/Versions/A/ImageIO
0x00007ff81649b000 	/System/Library/PrivateFrameworks/SoftLinking.framework/Versions/A/SoftLinking
0x00007ff812e58000 	/usr/lib/libxml2.2.dylib
0x00007ff81671f000 	/usr/lib/libcompression.dylib
0x00007ff8181cf000 	/System/Library/PrivateFrameworks/TextureIO.framework/Versions/A/TextureIO
0x00007ff816e0d000 	/usr/lib/libate.dylib
0x00007ff816be9000 	/usr/lib/liblzma.5.dylib
0x00007ff80c271000 	/System/Library/Frameworks/SystemConfiguration.framework/Versions/A/SystemConfiguration
0x00007ff816497000 	/usr/lib/libfakelink.dylib
0x00007ff810142000 	/System/Library/Frameworks/CFNetwork.framework/Versions/A/CFNetwork
0x00007ff8165d8000 	/usr/lib/libarchive.2.dylib
0x00007ff814d6b000 	/System/Library/PrivateFrameworks/AppleSystemInfo.framework/Versions/A/AppleSystemInfo
0x00007ff815ad2000 	/usr/lib/libbsm.0.dylib
0x00007ff80f751000 	/usr/lib/libnetwork.dylib
0x00007ff816430000 	/usr/lib/system/libkxld.dylib
0x00007ff815705000 	/System/Library/PrivateFrameworks/IOMobileFramebuffer.framework/Versions/A/IOMobileFramebuffer
0x00007ffb23e52000 	/usr/lib/libCoreEntitlements.dylib
0x00007ff816144000 	/System/Library/PrivateFrameworks/AppleFSCompression.framework/Versions/A/AppleFSCompression
0x00007ff815aba000 	/usr/lib/libcoretls.dylib
0x00007ff816c03000 	/usr/lib/libcoretls_cfhelpers.dylib
0x00007ff81671a000 	/usr/lib/libpam.2.dylib
0x00007ff811aa4000 	/usr/lib/libsqlite3.dylib
0x00007ff816c72000 	/usr/lib/libxar.1.dylib
0x00007ff816154000 	/usr/lib/libbz2.1.0.dylib
0x00007ff81649c000 	/usr/lib/libpcap.A.dylib
0x00007ff811e7d000 	/usr/lib/libdns_services.dylib
0x00007ff8166ea000 	/usr/lib/libapple_nghttp2.dylib
0x00007ff8164d6000 	/usr/lib/libiconv.2.dylib
0x00007ff816429000 	/usr/lib/libcharset.1.dylib
0x00007ff812ddb000 	/System/Library/Frameworks/CoreServices.framework/Versions/A/Frameworks/FSEvents.framework/Versions/A/FSEvents
0x00007ff80dce2000 	/System/Library/Frameworks/CoreServices.framework/Versions/A/Frameworks/CarbonCore.framework/Versions/A/CarbonCore
0x00007ff8120c6000 	/System/Library/Frameworks/CoreServices.framework/Versions/A/Frameworks/Metadata.framework/Versions/A/Metadata
0x00007ff816167000 	/System/Library/Frameworks/CoreServices.framework/Versions/A/Frameworks/OSServices.framework/Versions/A/OSServices
0x00007ff81665f000 	/System/Library/Frameworks/CoreServices.framework/Versions/A/Frameworks/SearchKit.framework/Versions/A/SearchKit
0x00007ff811e0f000 	/System/Library/Frameworks/CoreServices.framework/Versions/A/Frameworks/AE.framework/Versions/A/AE
0x00007ff80bbe6000 	/System/Library/Frameworks/CoreServices.framework/Versions/A/Frameworks/LaunchServices.framework/Versions/A/LaunchServices
0x00007ff816b9a000 	/System/Library/Frameworks/CoreServices.framework/Versions/A/Frameworks/DictionaryServices.framework/Versions/A/DictionaryServices
0x00007ff812de8000 	/System/Library/Frameworks/CoreServices.framework/Versions/A/Frameworks/SharedFileList.framework/Versions/A/SharedFileList
0x00007ff815aae000 	/usr/lib/libCheckFix.dylib
0x00007ff81064e000 	/System/Library/PrivateFrameworks/TCC.framework/Versions/A/TCC
0x00007ff814d71000 	/System/Library/PrivateFrameworks/CoreNLP.framework/Versions/A/CoreNLP
0x00007ff812076000 	/System/Library/PrivateFrameworks/MetadataUtilities.framework/Versions/A/MetadataUtilities
0x00007ff80c322000 	/usr/lib/libmecabra.dylib
0x00007ff815ae2000 	/usr/lib/libmecab.dylib
0x00007ff80c2ed000 	/usr/lib/libCRFSuite.dylib
0x00007ff815b3c000 	/usr/lib/libgermantok.dylib
0x00007ff8166c5000 	/usr/lib/libThaiTokenizer.dylib
0x00007ff812169000 	/System/Library/Frameworks/Accelerate.framework/Versions/A/Frameworks/vImage.framework/Versions/A/vImage
0x00007ff81c805000 	/System/Library/Frameworks/Accelerate.framework/Versions/A/Frameworks/vecLib.framework/Versions/A/vecLib
0x00007ff816cb3000 	/System/Library/Frameworks/Accelerate.framework/Versions/A/Frameworks/vecLib.framework/Versions/A/libvMisc.dylib
0x00007ff815530000 	/System/Library/Frameworks/Accelerate.framework/Versions/A/Frameworks/vecLib.framework/Versions/A/libvDSP.dylib
0x00007ff80bf61000 	/System/Library/Frameworks/Accelerate.framework/Versions/A/Frameworks/vecLib.framework/Versions/A/libBLAS.dylib
0x00007ff8167fc000 	/System/Library/Frameworks/Accelerate.framework/Versions/A/Frameworks/vecLib.framework/Versions/A/libLAPACK.dylib
0x00007ff815b3f000 	/System/Library/Frameworks/Accelerate.framework/Versions/A/Frameworks/vecLib.framework/Versions/A/libLinearAlgebra.dylib
0x00007ff816702000 	/System/Library/Frameworks/Accelerate.framework/Versions/A/Frameworks/vecLib.framework/Versions/A/libSparseBLAS.dylib
0x00007ff8167f6000 	/System/Library/Frameworks/Accelerate.framework/Versions/A/Frameworks/vecLib.framework/Versions/A/libQuadrature.dylib
0x00007ff814e5c000 	/System/Library/Frameworks/Accelerate.framework/Versions/A/Frameworks/vecLib.framework/Versions/A/libBNNS.dylib
0x00007ff80c1fb000 	/System/Library/Frameworks/Accelerate.framework/Versions/A/Frameworks/vecLib.framework/Versions/A/libSparse.dylib
0x00007ff814e55000 	/System/Library/PrivateFrameworks/LinguisticData.framework/Versions/A/LinguisticData
0x00007ff80c1b1000 	/System/Library/PrivateFrameworks/Lexicon.framework/Versions/A/Lexicon
0x00007ff816cac000 	/usr/lib/libChineseTokenizer.dylib
0x00007ff80c91c000 	/System/Library/PrivateFrameworks/LanguageModeling.framework/Versions/A/LanguageModeling
0x00007ff8166c7000 	/System/Library/PrivateFrameworks/AppleSauce.framework/Versions/A/AppleSauce
0x00007ff8156f3000 	/System/Library/PrivateFrameworks/CoreEmoji.framework/Versions/A/CoreEmoji
0x00007ff8165c7000 	/usr/lib/libcmph.dylib
0x00007ff812dbf000 	/System/Library/Frameworks/OpenDirectory.framework/Versions/A/Frameworks/CFOpenDirectory.framework/Versions/A/CFOpenDirectory
0x00007ff812db3000 	/System/Library/Frameworks/OpenDirectory.framework/Versions/A/OpenDirectory
0x00007ff816c05000 	/System/Library/PrivateFrameworks/APFS.framework/Versions/A/APFS
0x00007ff815a09000 	/System/Library/Frameworks/SecurityFoundation.framework/Versions/A/SecurityFoundation
0x00007ff816c80000 	/usr/lib/libutil.dylib
0x00007ff80e00c000 	/System/Library/PrivateFrameworks/CoreServicesStore.framework/Versions/A/CoreServicesStore
0x00007ff816c84000 	/usr/lib/libxslt.1.dylib
0x00007ff815a96000 	/System/Library/PrivateFrameworks/BackgroundTaskManagement.framework/Versions/A/BackgroundTaskManagement
0x00007ff8180ef000 	/System/Library/Frameworks/ImageIO.framework/Versions/A/Resources/libRadiance.dylib
0x00007ff8180f8000 	/System/Library/Frameworks/ImageIO.framework/Versions/A/Resources/libJPEG.dylib
0x00007ff818049000 	/System/Library/Frameworks/ImageIO.framework/Versions/A/Resources/libPng.dylib
0x00007ff81806a000 	/System/Library/Frameworks/ImageIO.framework/Versions/A/Resources/libTIFF.dylib
0x00007ff818158000 	/System/Library/Frameworks/ImageIO.framework/Versions/A/Resources/libGIF.dylib
0x00007ff817984000 	/System/Library/Frameworks/ImageIO.framework/Versions/A/Resources/libJP2.dylib
0x00007ff8170c2000 	/usr/lib/libexpat.1.dylib
0x00007ff817939000 	/System/Library/PrivateFrameworks/AppleJPEG.framework/Versions/A/AppleJPEG
0x00007ff8142a5000 	/System/Library/PrivateFrameworks/FontServices.framework/libFontParser.dylib
0x00007ff811db9000 	/System/Library/PrivateFrameworks/RunningBoardServices.framework/Versions/A/RunningBoardServices
0x00007ff822abf000 	/System/Library/PrivateFrameworks/IOSurfaceAccelerator.framework/Versions/A/IOSurfaceAccelerator
0x00007ff817a66000 	/System/Library/PrivateFrameworks/WatchdogClient.framework/Versions/A/WatchdogClient
0x00007ff80ca0a000 	/System/Library/Frameworks/CoreDisplay.framework/Versions/A/CoreDisplay
0x00007ff8141a3000 	/System/Library/Frameworks/CoreMedia.framework/Versions/A/CoreMedia
0x00007ff814037000 	/System/Library/PrivateFrameworks/IOAccelerator.framework/Versions/A/IOAccelerator
0x00007ff812f3c000 	/System/Library/Frameworks/CoreVideo.framework/Versions/A/CoreVideo
0x00007ff816718000 	/System/Library/Frameworks/MetalPerformanceShaders.framework/Versions/A/MetalPerformanceShaders
0x00007ff817aa3000 	/System/Library/Frameworks/VideoToolbox.framework/Versions/A/VideoToolbox
0x00007ff811d03000 	/System/Library/PrivateFrameworks/BaseBoard.framework/Versions/A/BaseBoard
0x00007ff811a8a000 	/System/Library/PrivateFrameworks/ProtocolBuffer.framework/Versions/A/ProtocolBuffer
0x00007ff8180e8000 	/System/Library/PrivateFrameworks/GPUWrangler.framework/Versions/A/GPUWrangler
0x00007ff8180cc000 	/System/Library/PrivateFrameworks/IOPresentment.framework/Versions/A/IOPresentment
0x00007ff8180f2000 	/System/Library/PrivateFrameworks/DSExternalDisplay.framework/Versions/A/DSExternalDisplay
0x00007ffa2447c000 	/System/Library/Frameworks/OpenGL.framework/Versions/A/Libraries/libCoreFSCache.dylib
0x00007ffb11553000 	/System/Library/PrivateFrameworks/GPUCompiler.framework/Versions/31001/Libraries/libGPUCompilerUtils.dylib
0x00007ff81815d000 	/System/Library/PrivateFrameworks/CMCaptureCore.framework/Versions/A/CMCaptureCore
0x00007ff81766a000 	/System/Library/PrivateFrameworks/AppServerSupport.framework/Versions/A/AppServerSupport
0x00007ff81992b000 	/System/Library/PrivateFrameworks/perfdata.framework/Versions/A/perfdata
0x00007ff80cb36000 	/System/Library/PrivateFrameworks/AudioToolboxCore.framework/Versions/A/AudioToolboxCore
0x00007ff814181000 	/System/Library/PrivateFrameworks/caulk.framework/Versions/A/caulk
0x00007ff81923d000 	/usr/lib/libAudioStatistics.dylib
0x00007ff910f34000 	/System/Library/PrivateFrameworks/SystemPolicy.framework/Versions/A/SystemPolicy
0x00007ff819498000 	/usr/lib/libSMC.dylib
0x00007ff8223b7000 	/System/Library/Frameworks/CoreMIDI.framework/Versions/A/CoreMIDI
0x00007ff818018000 	/usr/lib/libAudioToolboxUtility.dylib
0x00007ff90d160000 	/System/Library/PrivateFrameworks/OSAServicesClient.framework/Versions/A/OSAServicesClient
0x00007ff819938000 	/usr/lib/libperfcheck.dylib
0x00007ff9119e1000 	/usr/lib/libmis.dylib
0x00007ffa244d7000 	/System/Library/Frameworks/OpenGL.framework/Versions/A/Libraries/libGLU.dylib
0x00007ffa2449b000 	/System/Library/Frameworks/OpenGL.framework/Versions/A/Libraries/libGFXShared.dylib
0x00007ffa246a4000 	/System/Library/Frameworks/OpenGL.framework/Versions/A/Libraries/libGL.dylib
0x00007ffa244a4000 	/System/Library/Frameworks/OpenGL.framework/Versions/A/Libraries/libGLImage.dylib
0x00007ffa24498000 	/System/Library/Frameworks/OpenGL.framework/Versions/A/Libraries/libCVMSPluginSupport.dylib
0x00007ffa24483000 	/System/Library/Frameworks/OpenGL.framework/Versions/A/Libraries/libCoreVMClient.dylib
0x00007ff814ced000 	/System/Library/Frameworks/MetalPerformanceShaders.framework/Versions/A/Frameworks/MPSCore.framework/Versions/A/MPSCore
0x00007ff8160af000 	/System/Library/Frameworks/MetalPerformanceShaders.framework/Versions/A/Frameworks/MPSImage.framework/Versions/A/MPSImage
0x00007ff815b55000 	/System/Library/Frameworks/MetalPerformanceShaders.framework/Versions/A/Frameworks/MPSNeuralNetwork.framework/Versions/A/MPSNeuralNetwork
0x00007ff815fc9000 	/System/Library/Frameworks/MetalPerformanceShaders.framework/Versions/A/Frameworks/MPSMatrix.framework/Versions/A/MPSMatrix
0x00007ff815d84000 	/System/Library/Frameworks/MetalPerformanceShaders.framework/Versions/A/Frameworks/MPSRayIntersector.framework/Versions/A/MPSRayIntersector
0x00007ff816001000 	/System/Library/Frameworks/MetalPerformanceShaders.framework/Versions/A/Frameworks/MPSNDArray.framework/Versions/A/MPSNDArray
0x00007ffa29f5c000 	/System/Library/Frameworks/MetalPerformanceShaders.framework/Versions/A/Frameworks/MPSFunctions.framework/Versions/A/MPSFunctions
0x00007ff80be3d000 	/System/Library/PrivateFrameworks/MetalTools.framework/Versions/A/MetalTools
0x00007ff814d69000 	/System/Library/PrivateFrameworks/AggregateDictionary.framework/Versions/A/AggregateDictionary
0x00007ff816ea4000 	/usr/lib/libIOReport.dylib
0x00007ffa25ab3000 	/System/Library/Frameworks/OpenCL.framework/Versions/A/OpenCL
0x00007ff817208000 	/System/Library/PrivateFrameworks/FaceCore.framework/Versions/A/FaceCore
0x00007ff8171f9000 	/System/Library/PrivateFrameworks/GraphVisualizer.framework/Versions/A/GraphVisualizer
0x00007ffb1145e000 	/System/Library/PrivateFrameworks/FontServices.framework/Versions/A/FontServices
0x00007ff817622000 	/System/Library/PrivateFrameworks/OTSVG.framework/Versions/A/OTSVG
0x00007ff812b23000 	/System/Library/Frameworks/ApplicationServices.framework/Versions/A/Frameworks/ATS.framework/Versions/A/Resources/libFontRegistry.dylib
0x00007ff817672000 	/System/Library/PrivateFrameworks/FontServices.framework/libhvf.dylib
0x00007ffb1145f000 	/System/Library/PrivateFrameworks/FontServices.framework/libXTFontStaticRegistryData.dylib
0x00007ff817072000 	/System/Library/PrivateFrameworks/AppleVA.framework/Versions/A/AppleVA
0x00007ff81925d000 	/System/Library/Frameworks/ApplicationServices.framework/Versions/A/Frameworks/ATS.framework/Versions/A/ATS
0x00007ff8111d0000 	/System/Library/Frameworks/ApplicationServices.framework/Versions/A/Frameworks/HIServices.framework/Versions/A/HIServices
0x00007ff818167000 	/System/Library/Frameworks/ApplicationServices.framework/Versions/A/Frameworks/PrintCore.framework/Versions/A/PrintCore
0x00007ff8195eb000 	/System/Library/Frameworks/ApplicationServices.framework/Versions/A/Frameworks/QD.framework/Versions/A/QD
0x00007ff8195e3000 	/System/Library/Frameworks/ApplicationServices.framework/Versions/A/Frameworks/ColorSyncLegacy.framework/Versions/A/ColorSyncLegacy
0x00007ff81924d000 	/System/Library/Frameworks/ApplicationServices.framework/Versions/A/Frameworks/SpeechSynthesis.framework/Versions/A/SpeechSynthesis
0x00007ff818128000 	/System/Library/Frameworks/ApplicationServices.framework/Versions/A/Frameworks/ATSUI.framework/Versions/A/ATSUI
0x00007ff819578000 	/usr/lib/libcups.2.dylib
0x00007ff819947000 	/System/Library/Frameworks/Kerberos.framework/Versions/A/Kerberos
0x00007ff819956000 	/System/Library/Frameworks/GSS.framework/Versions/A/GSS
0x00007ff8192c9000 	/usr/lib/libresolv.9.dylib
0x00007ff817681000 	/System/Library/PrivateFrameworks/Heimdal.framework/Versions/A/Heimdal
0x00007ff82053a000 	/System/Library/Frameworks/Kerberos.framework/Versions/A/Libraries/libHeimdalProxy.dylib
0x00007ff811e8d000 	/System/Library/Frameworks/Network.framework/Versions/A/Network
0x00007ff8170dc000 	/usr/lib/libheimdal-asn1.dylib
0x00007ff8199a1000 	/System/Library/PrivateFrameworks/CommonAuth.framework/Versions/A/CommonAuth
0x00007ff8191cf000 	/System/Library/PrivateFrameworks/AudioSession.framework/Versions/A/AudioSession
0x00007ff81716c000 	/System/Library/PrivateFrameworks/MediaExperience.framework/Versions/A/MediaExperience
0x00007ff819061000 	/System/Library/PrivateFrameworks/AudioSession.framework/libSessionUtility.dylib
0x00007ff8195f7000 	/System/Library/PrivateFrameworks/AudioResourceArbitration.framework/Versions/A/AudioResourceArbitration
0x00007ff81d678000 	/System/Library/PrivateFrameworks/PowerLog.framework/Versions/A/PowerLog
0x00007ff8170e5000 	/System/Library/PrivateFrameworks/IconFoundation.framework/Versions/A/IconFoundation
0x00007ff81c42e000 	/System/Library/PrivateFrameworks/SpeechRecognitionCore.framework/Versions/A/SpeechRecognitionCore
0x000000010a9f9000 	/Library/Java/JavaVirtualMachines/jdk-18.0.2.1.jdk/Contents/Home/lib/server/libjvm.dylib
0x00000001099d7000 	/Library/Java/JavaVirtualMachines/jdk-18.0.2.1.jdk/Contents/Home/lib/libjimage.dylib
0x00000001099fa000 	/Library/Java/JavaVirtualMachines/jdk-18.0.2.1.jdk/Contents/Home/lib/libinstrument.dylib
0x0000000109a3c000 	/Library/Java/JavaVirtualMachines/jdk-18.0.2.1.jdk/Contents/Home/lib/libjava.dylib
0x000000010a8c7000 	/Library/Java/JavaVirtualMachines/jdk-18.0.2.1.jdk/Contents/Home/lib/libzip.dylib
0x000000010a8db000 	/Library/Java/JavaVirtualMachines/jdk-18.0.2.1.jdk/Contents/Home/lib/libnio.dylib
0x000000010a8f7000 	/Library/Java/JavaVirtualMachines/jdk-18.0.2.1.jdk/Contents/Home/lib/libnet.dylib
0x0000000109a27000 	/Library/Java/JavaVirtualMachines/jdk-18.0.2.1.jdk/Contents/Home/lib/libextnet.dylib
0x000000010a959000 	/private/var/folders/6y/7l3qxljj513dtfybyfg7t85m0000gn/T/libgdxlwutkowski/c2f65b3b/libgdx64.dylib
0x00007ffb248de000 	/usr/lib/libstdc++.6.dylib
0x000000010a929000 	/Library/Java/JavaVirtualMachines/jdk-18.0.2.1.jdk/Contents/Home/lib/libverify.dylib
0x000000010bb20000 	/Library/Java/JavaVirtualMachines/jdk-18.0.2.1.jdk/Contents/Home/lib/libawt.dylib
0x000000010bbe0000 	/Library/Java/JavaVirtualMachines/jdk-18.0.2.1.jdk/Contents/Home/lib/libmlib_image.dylib
0x00007ffa29ec5000 	/System/Library/Frameworks/JavaRuntimeSupport.framework/Versions/A/JavaRuntimeSupport
0x00007ff910a58000 	/System/Library/Frameworks/Carbon.framework/Versions/A/Carbon
0x00007ff81e8f2000 	/System/Library/PrivateFrameworks/CoreSymbolication.framework/Versions/A/CoreSymbolication
0x00007ff823e56000 	/System/Library/Frameworks/Carbon.framework/Versions/A/Frameworks/CommonPanels.framework/Versions/A/CommonPanels
0x00007ff81ff26000 	/System/Library/Frameworks/Carbon.framework/Versions/A/Frameworks/Help.framework/Versions/A/Help
0x00007ff823e5a000 	/System/Library/Frameworks/Carbon.framework/Versions/A/Frameworks/ImageCapture.framework/Versions/A/ImageCapture
0x00007ff823e2a000 	/System/Library/Frameworks/Carbon.framework/Versions/A/Frameworks/OpenScripting.framework/Versions/A/OpenScripting
0x00007ff823e52000 	/System/Library/Frameworks/Carbon.framework/Versions/A/Frameworks/Ink.framework/Versions/A/Ink
0x00007ff910a54000 	/System/Library/Frameworks/Carbon.framework/Versions/A/Frameworks/Print.framework/Versions/A/Print
0x00007ff823e4e000 	/System/Library/Frameworks/Carbon.framework/Versions/A/Frameworks/SecurityHI.framework/Versions/A/SecurityHI
0x00007ff81e8b7000 	/System/Library/PrivateFrameworks/DebugSymbols.framework/Versions/A/DebugSymbols
0x000000010bdac000 	/Library/Java/JavaVirtualMachines/jdk-18.0.2.1.jdk/Contents/Home/lib/libawt_lwawt.dylib
0x000000010a9c4000 	/Library/Java/JavaVirtualMachines/jdk-18.0.2.1.jdk/Contents/Home/lib/libosxapp.dylib
0x00007ff90fd22000 	/System/Library/Frameworks/ExceptionHandling.framework/Versions/A/ExceptionHandling
0x0000000128a1c000 	/Library/Java/JavaVirtualMachines/jdk-18.0.2.1.jdk/Contents/Home/lib/libfontmanager.dylib
0x000000010bee0000 	/Library/Java/JavaVirtualMachines/jdk-18.0.2.1.jdk/Contents/Home/lib/libfreetype.dylib
0x00007ff80dfce000 	/System/Library/PrivateFrameworks/CoreServicesInternal.framework/Versions/A/CoreServicesInternal
0x00007ff81dc69000 	/System/Library/Frameworks/FileProvider.framework/Versions/A/FileProvider
0x00007ff811c70000 	/System/Library/Frameworks/Accounts.framework/Versions/A/Accounts
0x00007ff81dde2000 	/System/Library/PrivateFrameworks/GenerationalStorage.framework/Versions/A/GenerationalStorage
0x00007ff81d66d000 	/System/Library/PrivateFrameworks/SymptomDiagnosticReporter.framework/Versions/A/SymptomDiagnosticReporter
0x00007ff80f28f000 	/System/Library/PrivateFrameworks/DesktopServicesPriv.framework/Versions/A/DesktopServicesPriv
0x00007ff80e10d000 	/usr/lib/libsandbox.1.dylib
0x00007ff812fbb000 	/System/Library/PrivateFrameworks/UserManagement.framework/Versions/A/UserManagement
0x00007ff8195d8000 	/System/Library/PrivateFrameworks/NetAuth.framework/Versions/A/NetAuth
0x00007ff81a4e7000 	/System/Library/PrivateFrameworks/Sharing.framework/Versions/A/Sharing
0x00007ff812f8e000 	/System/Library/PrivateFrameworks/login.framework/Versions/A/Frameworks/loginsupport.framework/Versions/A/loginsupport
0x00007ff81fa55000 	/System/Library/PrivateFrameworks/Apple80211.framework/Versions/A/Apple80211
0x00007ff816194000 	/System/Library/PrivateFrameworks/AuthKit.framework/Versions/A/AuthKit
0x00007ff8157e9000 	/System/Library/PrivateFrameworks/CoreUtils.framework/Versions/A/CoreUtils
0x00007ff815710000 	/System/Library/Frameworks/CoreWLAN.framework/Versions/A/CoreWLAN
0x00007ff81a646000 	/System/Library/Frameworks/IOBluetooth.framework/Versions/A/IOBluetooth
0x00007ff81fabd000 	/System/Library/PrivateFrameworks/CoreWiFi.framework/Versions/A/CoreWiFi
0x00007ff81e48c000 	/System/Library/PrivateFrameworks/FrontBoardServices.framework/Versions/A/FrontBoardServices
0x00007ff81e51d000 	/System/Library/PrivateFrameworks/BoardServices.framework/Versions/A/BoardServices
0x00007ff8159f8000 	/System/Library/PrivateFrameworks/AssertionServices.framework/Versions/A/AssertionServices
0x00007ff81fc40000 	/System/Library/PrivateFrameworks/BackBoardServices.framework/Versions/A/BackBoardServices
0x00007ff819a32000 	/System/Library/PrivateFrameworks/CorePhoneNumbers.framework/Versions/A/CorePhoneNumbers
0x00007ff8192f6000 	/System/Library/PrivateFrameworks/MultiverseSupport.framework/Versions/A/MultiverseSupport
0x00007ff81feb3000 	/System/Library/PrivateFrameworks/RemoteServiceDiscovery.framework/Versions/A/RemoteServiceDiscovery
0x00007ff81d78a000 	/System/Library/PrivateFrameworks/DiskManagement.framework/Versions/A/DiskManagement
0x00007ff81d69e000 	/System/Library/PrivateFrameworks/AppleIDAuthSupport.framework/Versions/A/AppleIDAuthSupport
0x00007ffb0bdd9000 	/System/Library/PrivateFrameworks/AAAFoundation.framework/Versions/A/AAAFoundation
0x00007ff819a13000 	/System/Library/PrivateFrameworks/KeychainCircle.framework/Versions/A/KeychainCircle
0x00007ff81fec3000 	/System/Library/PrivateFrameworks/RemoteXPC.framework/Versions/A/RemoteXPC
0x00007ff81d756000 	/System/Library/PrivateFrameworks/MediaKit.framework/Versions/A/MediaKit
0x00007ff81d6aa000 	/System/Library/Frameworks/DiscRecording.framework/Versions/A/DiscRecording
0x00007ff816fea000 	/usr/lib/libCoreStorage.dylib
0x00007ff81ff2e000 	/usr/lib/libcsfde.dylib
0x00007ff81a713000 	/System/Library/PrivateFrameworks/ProtectedCloudStorage.framework/Versions/A/ProtectedCloudStorage
0x00007ff81ff2a000 	/System/Library/PrivateFrameworks/EFILogin.framework/Versions/A/EFILogin
0x00007ff81de08000 	/System/Library/PrivateFrameworks/OctagonTrust.framework/Versions/A/OctagonTrust
0x00007ffb106c1000 	/System/Library/PrivateFrameworks/CoreUtilsExtras.framework/Versions/A/CoreUtilsExtras
0x00007ff81d5d1000 	/System/Library/Frameworks/CoreBluetooth.framework/Versions/A/CoreBluetooth
0x00007ff8205bf000 	/System/Library/Frameworks/AudioUnit.framework/Versions/A/AudioUnit
0x00007ff816fe2000 	/usr/lib/libMatch.1.dylib
0x00007ff9187dc000 	/System/Library/CoreServices/RawCamera.bundle/Contents/MacOS/RawCamera
0x00007ff8199b1000 	/System/Library/PrivateFrameworks/MobileAsset.framework/Versions/A/MobileAsset
0x00007ff8205e6000 	/System/Library/PrivateFrameworks/StreamingZip.framework/Versions/A/StreamingZip
0x00007ffb0d9b5000 	/System/Library/PrivateFrameworks/CMPhoto.framework/Versions/A/CMPhoto
0x00007ff81e78d000 	/System/Library/PrivateFrameworks/AppleVPA.framework/Versions/A/AppleVPA
0x00007ff818391000 	/System/Library/Frameworks/MediaToolbox.framework/Versions/A/MediaToolbox
0x00007ff81dc39000 	/System/Library/PrivateFrameworks/CoreAVCHD.framework/Versions/A/CoreAVCHD
0x00007ff81cb0e000 	/System/Library/Frameworks/MediaAccessibility.framework/Versions/A/MediaAccessibility
0x00007ff81dc35000 	/System/Library/PrivateFrameworks/Mangrove.framework/Versions/A/Mangrove
0x00007ff81cb19000 	/System/Library/PrivateFrameworks/AlgosScoreFramework.framework/Versions/A/AlgosScoreFramework
0x00007ff81d87a000 	/System/Library/PrivateFrameworks/CoreAUC.framework/Versions/A/CoreAUC
0x00007ff916005000 	/System/Library/Frameworks/Accelerate.framework/Versions/A/Frameworks/vImage.framework/Versions/A/Libraries/libCGInterfaces.dylib
0x000000010bd3d000 	/usr/lib/libobjc-trampolines.dylib
0x00007ff812cb3000 	/System/Library/PrivateFrameworks/ViewBridge.framework/Versions/A/ViewBridge
0x00000001363f6000 	/private/var/folders/6y/7l3qxljj513dtfybyfg7t85m0000gn/T/libgdxlwutkowski/f7649394/liblwjgl.dylib
0x000000010bd99000 	/Library/Java/JavaVirtualMachines/jdk-18.0.2.1.jdk/Contents/Home/lib/libjawt.dylib
0x0000000136374000 	/private/var/folders/6y/7l3qxljj513dtfybyfg7t85m0000gn/T/libgdxlwutkowski/f7649394/openal.dylib
0x000000013675f000 	/System/Library/Components/CoreAudio.component/Contents/MacOS/CoreAudio
0x0000000128be1000 	/System/Library/Extensions/AppleHDA.kext/Contents/PlugIns/AppleHDAHALPlugIn.bundle/Contents/MacOS/AppleHDAHALPlugIn
0x00007ffa2b141000 	/System/Library/Frameworks/OpenAL.framework/Versions/A/OpenAL
0x0000000137bbe000 	/System/Library/Components/AudioDSP.component/Contents/MacOS/AudioDSP
0x00007ff910d4c000 	/System/Library/Frameworks/AVFoundation.framework/Versions/A/AVFoundation
0x00007ffa28b73000 	/System/Library/Frameworks/AVFAudio.framework/Versions/A/AVFAudio
0x00007ff81e29c000 	/System/Library/PrivateFrameworks/AVFCore.framework/Versions/A/AVFCore
0x00007ff825516000 	/System/Library/PrivateFrameworks/AVFCapture.framework/Versions/A/AVFCapture
0x00007ff90f9bf000 	/System/Library/PrivateFrameworks/AirPlaySync.framework/Versions/A/AirPlaySync
0x00007ffb0d99e000 	/System/Library/PrivateFrameworks/CMImaging.framework/Versions/A/CMImaging
0x00007ff825668000 	/System/Library/PrivateFrameworks/Quagga.framework/Versions/A/Quagga
0x00007ff90b3cd000 	/System/Library/PrivateFrameworks/CMCapture.framework/Versions/A/CMCapture
0x00007ff8193b8000 	/System/Library/Frameworks/CoreMediaIO.framework/Versions/A/CoreMediaIO
0x00007ff8206e7000 	/System/Library/PrivateFrameworks/Espresso.framework/Versions/A/Espresso
0x00007ff81ffb0000 	/System/Library/PrivateFrameworks/AppSupport.framework/Versions/A/AppSupport
0x00007ffa170eb000 	/System/Library/PrivateFrameworks/ANECompiler.framework/Versions/A/ANECompiler
0x00007ff822337000 	/System/Library/PrivateFrameworks/AppleNeuralEngine.framework/Versions/A/AppleNeuralEngine
0x00007ffb13f74000 	/System/Library/PrivateFrameworks/MIL.framework/Versions/A/MIL
0x00007ffa29f6f000 	/System/Library/Frameworks/MetalPerformanceShadersGraph.framework/Versions/A/MetalPerformanceShadersGraph
0x00007ff821286000 	/System/Library/PrivateFrameworks/ANEServices.framework/Versions/A/ANEServices
0x00007ff9157ac000 	/usr/lib/libncurses.5.4.dylib
0x00007ffb23de6000 	/usr/lib/libAudioDSPCore.dylib
0x00007ffa246af000 	/System/Library/Frameworks/OpenGL.framework/Versions/A/Resources/GLEngine.bundle/GLEngine
0x00007ffa24515000 	/System/Library/Frameworks/OpenGL.framework/Versions/A/Libraries/libGLProgrammability.dylib
0x00007ffa1ce81000 	/System/Library/Extensions/AppleIntelBDWGraphicsGLDriver.bundle/Contents/MacOS/AppleIntelBDWGraphicsGLDriver
0x00007ff91bb7c000 	/System/Library/PrivateFrameworks/GPUSupport.framework/Versions/A/Libraries/libGPUSupportMercury.dylib
0x00007ffa24839000 	/System/Library/Frameworks/OpenGL.framework/Versions/A/Resources/GLRendererFloat.bundle/GLRendererFloat
0x00007ff817738000 	/System/Library/PrivateFrameworks/login.framework/Versions/A/login


VM Arguments:
jvm_args: -javaagent:/Applications/IntelliJ IDEA CE.app/Contents/lib/idea_rt.jar=49507:/Applications/IntelliJ IDEA CE.app/Contents/bin -Dfile.encoding=UTF-8 -Dsun.stdout.encoding=UTF-8 -Dsun.stderr.encoding=UTF-8 
java_command: Launcher
java_class_path (initial): /Users/lwutkowski/IdeaProjects/Solitaire 52/out/production/Solitaire 52:/Users/lwutkowski/IdeaProjects/Solitaire 52/+libs/gdx-freetype.jar:/Users/lwutkowski/IdeaProjects/Solitaire 52/+libs/gdx-backend-lwjgl.jar:/Users/lwutkowski/IdeaProjects/Solitaire 52/+libs/gdx-backend-lwjgl-natives.jar:/Users/lwutkowski/IdeaProjects/Solitaire 52/+libs/gdx.jar:/Users/lwutkowski/IdeaProjects/Solitaire 52/+libs/gdx-freetype-natives.jar:/Users/lwutkowski/IdeaProjects/Solitaire 52/+libs/gdx-sources.jar:/Users/lwutkowski/IdeaProjects/Solitaire 52/+libs/gdx-natives.jar
Launcher Type: SUN_STANDARD

[Global flags]
     intx CICompilerCount                          = 3                                         {product} {ergonomic}
     uint ConcGCThreads                            = 1                                         {product} {ergonomic}
     uint G1ConcRefinementThreads                  = 4                                         {product} {ergonomic}
   size_t G1HeapRegionSize                         = 1048576                                   {product} {ergonomic}
    uintx GCDrainStackTargetSize                   = 64                                        {product} {ergonomic}
   size_t InitialHeapSize                          = 134217728                                 {product} {ergonomic}
   size_t MarkStackSize                            = 4194304                                   {product} {ergonomic}
   size_t MaxHeapSize                              = 2147483648                                {product} {ergonomic}
   size_t MaxNewSize                               = 1287651328                                {product} {ergonomic}
   size_t MinHeapDeltaBytes                        = 1048576                                   {product} {ergonomic}
   size_t MinHeapSize                              = 8388608                                   {product} {ergonomic}
    uintx NonNMethodCodeHeapSize                   = 5832780                                {pd product} {ergonomic}
    uintx NonProfiledCodeHeapSize                  = 122912730                              {pd product} {ergonomic}
    uintx ProfiledCodeHeapSize                     = 122912730                              {pd product} {ergonomic}
    uintx ReservedCodeCacheSize                    = 251658240                              {pd product} {ergonomic}
     bool SegmentedCodeCache                       = true                                      {product} {ergonomic}
   size_t SoftMaxHeapSize                          = 2147483648                             {manageable} {ergonomic}
     bool UseCompressedClassPointers               = true                           {product lp64_product} {ergonomic}
     bool UseCompressedOops                        = true                           {product lp64_product} {ergonomic}
     bool UseG1GC                                  = true                                      {product} {ergonomic}
     bool UseNUMA                                  = false                                     {product} {ergonomic}
     bool UseNUMAInterleaving                      = false                                     {product} {ergonomic}

Logging:
Log output configuration:
 #0: stdout all=warning uptime,level,tags foldmultilines=false
 #1: stderr all=off uptime,level,tags foldmultilines=false

Environment Variables:
PATH=/Library/Frameworks/Python.framework/Versions/3.10/bin:/Library/Frameworks/Python.framework/Versions/3.9/bin:/usr/local/bin:/usr/bin:/bin:/usr/sbin:/sbin:/usr/local/share/dotnet:~/.dotnet/tools:/Library/Frameworks/Mono.framework/Versions/Current/Commands
SHELL=/bin/zsh
LC_CTYPE=nb_NO.UTF-8

Signal Handlers:
   SIGSEGV: _ZL13crash_handleriP9__siginfoPv in libjvm.dylib, mask=11100110000111110111111111111111, flags=SA_RESTART|SA_SIGINFO
    SIGBUS: _ZL13crash_handleriP9__siginfoPv in libjvm.dylib, mask=11100110000111110111111111111111, flags=SA_RESTART|SA_SIGINFO
    SIGFPE: _ZL13crash_handleriP9__siginfoPv in libjvm.dylib, mask=11100110000111110111111111111111, flags=SA_RESTART|SA_SIGINFO
   SIGPIPE: _ZL17javaSignalHandleriP9__siginfoPv in libjvm.dylib, mask=11100110000111110111111111111111, flags=SA_RESTART|SA_SIGINFO
   SIGXFSZ: _ZL17javaSignalHandleriP9__siginfoPv in libjvm.dylib, mask=11100110000111110111111111111111, flags=SA_RESTART|SA_SIGINFO
    SIGILL: _ZL13crash_handleriP9__siginfoPv in libjvm.dylib, mask=11100110000111110111111111111111, flags=SA_RESTART|SA_SIGINFO
   SIGUSR2: _ZL10SR_handleriP9__siginfoP17__darwin_ucontext in libjvm.dylib, mask=00100000000000000000000000000000, flags=SA_RESTART|SA_SIGINFO
    SIGHUP: _ZL11UserHandleriPvS_ in libjvm.dylib, mask=11100110000111110111111111111111, flags=SA_RESTART|SA_SIGINFO
    SIGINT: _ZL11UserHandleriPvS_ in libjvm.dylib, mask=11100110000111110111111111111111, flags=SA_RESTART|SA_SIGINFO
   SIGTERM: _ZL11UserHandleriPvS_ in libjvm.dylib, mask=11100110000111110111111111111111, flags=SA_RESTART|SA_SIGINFO
   SIGQUIT: _ZL11UserHandleriPvS_ in libjvm.dylib, mask=11100110000111110111111111111111, flags=SA_RESTART|SA_SIGINFO
   SIGTRAP: _ZL13crash_handleriP9__siginfoPv in libjvm.dylib, mask=11100110000111110111111111111111, flags=SA_RESTART|SA_SIGINFO


---------------  S Y S T E M  ---------------

OS:
uname: Darwin 21.6.0 Darwin Kernel Version 21.6.0: Wed Aug 10 14:25:27 PDT 2022; root:xnu-8020.141.5~2/RELEASE_X86_64 x86_64
OS uptime: 0 days 0:21 hours
rlimit (soft/hard): STACK 8192k/65532k , CORE 0k/infinity , NPROC 1392/2088 , NOFILE 10240/infinity , AS infinity/infinity , CPU infinity/infinity , DATA infinity/infinity , FSIZE infinity/infinity , MEMLOCK infinity/infinity , RSS infinity/infinity
load average: 3.19 5.17 8.13

CPU: total 4 (initial active 4) (2 cores per cpu, 2 threads per core) family 6 model 61 stepping 4 microcode 0x2f, cx8, cmov, fxsr, ht, mmx, 3dnowpref, sse, sse2, sse3, ssse3, sse4.1, sse4.2, popcnt, lzcnt, tsc, tscinvbit, avx, avx2, aes, erms, clmul, bmi1, bmi2, rtm, adx, fma, vzeroupper, clflush

Memory: 4k page, physical 8388608k(609876k free), swap 1048576k(1046528k free)

vm_info: Java HotSpot(TM) 64-Bit Server VM (18.0.2.1+1-1) for bsd-amd64 JRE (18.0.2.1+1-1), built on Aug 16 2022 00:46:02 by "mach5one" with clang Apple LLVM 12.0.0 (clang-1200.0.32.29)

END.
